12:45:25.538 [main] WARN  org.mybatis.spring.mapper.ClassPathMapperScanner - Skipping MapperFactoryBean with name 'ansAgreeMapper' and 'net.begincode.core.mapper.AnsAgreeMapper' mapperInterface. Bean already defined with the same name!
12:45:25.546 [main] WARN  org.mybatis.spring.mapper.ClassPathMapperScanner - Skipping MapperFactoryBean with name 'answerMapper' and 'net.begincode.core.mapper.AnswerMapper' mapperInterface. Bean already defined with the same name!
12:45:25.547 [main] WARN  org.mybatis.spring.mapper.ClassPathMapperScanner - Skipping MapperFactoryBean with name 'begincodeUserMapper' and 'net.begincode.core.mapper.BegincodeUserMapper' mapperInterface. Bean already defined with the same name!
12:45:25.547 [main] WARN  org.mybatis.spring.mapper.ClassPathMapperScanner - Skipping MapperFactoryBean with name 'bizBegincodeUserMapper' and 'net.begincode.core.mapper.BizBegincodeUserMapper' mapperInterface. Bean already defined with the same name!
12:45:25.548 [main] WARN  org.mybatis.spring.mapper.ClassPathMapperScanner - Skipping MapperFactoryBean with name 'bizLabelMapper' and 'net.begincode.core.mapper.BizLabelMapper' mapperInterface. Bean already defined with the same name!
12:45:25.548 [main] WARN  org.mybatis.spring.mapper.ClassPathMapperScanner - Skipping MapperFactoryBean with name 'biz_ProAttentionMapper' and 'net.begincode.core.mapper.Biz_ProAttentionMapper' mapperInterface. Bean already defined with the same name!
12:45:25.548 [main] WARN  org.mybatis.spring.mapper.ClassPathMapperScanner - Skipping MapperFactoryBean with name 'demoMapper' and 'net.begincode.core.mapper.DemoMapper' mapperInterface. Bean already defined with the same name!
12:45:25.548 [main] WARN  org.mybatis.spring.mapper.ClassPathMapperScanner - Skipping MapperFactoryBean with name 'labelMapper' and 'net.begincode.core.mapper.LabelMapper' mapperInterface. Bean already defined with the same name!
12:45:25.548 [main] WARN  org.mybatis.spring.mapper.ClassPathMapperScanner - Skipping MapperFactoryBean with name 'messageMapper' and 'net.begincode.core.mapper.MessageMapper' mapperInterface. Bean already defined with the same name!
12:45:25.548 [main] WARN  org.mybatis.spring.mapper.ClassPathMapperScanner - Skipping MapperFactoryBean with name 'proAttentionMapper' and 'net.begincode.core.mapper.ProAttentionMapper' mapperInterface. Bean already defined with the same name!
12:45:25.548 [main] WARN  org.mybatis.spring.mapper.ClassPathMapperScanner - Skipping MapperFactoryBean with name 'problemLabelMapper' and 'net.begincode.core.mapper.ProblemLabelMapper' mapperInterface. Bean already defined with the same name!
12:45:25.548 [main] WARN  org.mybatis.spring.mapper.ClassPathMapperScanner - Skipping MapperFactoryBean with name 'problemMapper' and 'net.begincode.core.mapper.ProblemMapper' mapperInterface. Bean already defined with the same name!
12:45:25.548 [main] WARN  org.mybatis.spring.mapper.ClassPathMapperScanner - No MyBatis mapper was found in '[net.begincode.core.mapper]' package. Please check your configuration.
12:45:25.901 [main] ERROR com.alibaba.druid.pool.DruidAbstractDataSource - maxIdle is deprecated
12:45:30.929 [main] WARN  com.alibaba.druid.pool.DruidDataSource - not full timeout retry : 1
12:47:36.600 [main] WARN  org.mybatis.spring.mapper.ClassPathMapperScanner - Skipping MapperFactoryBean with name 'ansAgreeMapper' and 'net.begincode.core.mapper.AnsAgreeMapper' mapperInterface. Bean already defined with the same name!
12:47:36.601 [main] WARN  org.mybatis.spring.mapper.ClassPathMapperScanner - Skipping MapperFactoryBean with name 'answerMapper' and 'net.begincode.core.mapper.AnswerMapper' mapperInterface. Bean already defined with the same name!
12:47:36.601 [main] WARN  org.mybatis.spring.mapper.ClassPathMapperScanner - Skipping MapperFactoryBean with name 'begincodeUserMapper' and 'net.begincode.core.mapper.BegincodeUserMapper' mapperInterface. Bean already defined with the same name!
12:47:36.602 [main] WARN  org.mybatis.spring.mapper.ClassPathMapperScanner - Skipping MapperFactoryBean with name 'bizBegincodeUserMapper' and 'net.begincode.core.mapper.BizBegincodeUserMapper' mapperInterface. Bean already defined with the same name!
12:47:36.602 [main] WARN  org.mybatis.spring.mapper.ClassPathMapperScanner - Skipping MapperFactoryBean with name 'bizLabelMapper' and 'net.begincode.core.mapper.BizLabelMapper' mapperInterface. Bean already defined with the same name!
12:47:36.602 [main] WARN  org.mybatis.spring.mapper.ClassPathMapperScanner - Skipping MapperFactoryBean with name 'biz_ProAttentionMapper' and 'net.begincode.core.mapper.Biz_ProAttentionMapper' mapperInterface. Bean already defined with the same name!
12:47:36.602 [main] WARN  org.mybatis.spring.mapper.ClassPathMapperScanner - Skipping MapperFactoryBean with name 'demoMapper' and 'net.begincode.core.mapper.DemoMapper' mapperInterface. Bean already defined with the same name!
12:47:36.602 [main] WARN  org.mybatis.spring.mapper.ClassPathMapperScanner - Skipping MapperFactoryBean with name 'labelMapper' and 'net.begincode.core.mapper.LabelMapper' mapperInterface. Bean already defined with the same name!
12:47:36.602 [main] WARN  org.mybatis.spring.mapper.ClassPathMapperScanner - Skipping MapperFactoryBean with name 'messageMapper' and 'net.begincode.core.mapper.MessageMapper' mapperInterface. Bean already defined with the same name!
12:47:36.602 [main] WARN  org.mybatis.spring.mapper.ClassPathMapperScanner - Skipping MapperFactoryBean with name 'proAttentionMapper' and 'net.begincode.core.mapper.ProAttentionMapper' mapperInterface. Bean already defined with the same name!
12:47:36.603 [main] WARN  org.mybatis.spring.mapper.ClassPathMapperScanner - Skipping MapperFactoryBean with name 'problemLabelMapper' and 'net.begincode.core.mapper.ProblemLabelMapper' mapperInterface. Bean already defined with the same name!
12:47:36.603 [main] WARN  org.mybatis.spring.mapper.ClassPathMapperScanner - Skipping MapperFactoryBean with name 'problemMapper' and 'net.begincode.core.mapper.ProblemMapper' mapperInterface. Bean already defined with the same name!
12:47:36.603 [main] WARN  org.mybatis.spring.mapper.ClassPathMapperScanner - No MyBatis mapper was found in '[net.begincode.core.mapper]' package. Please check your configuration.
12:47:36.862 [main] ERROR com.alibaba.druid.pool.DruidAbstractDataSource - maxIdle is deprecated
12:49:09.333 [main] WARN  org.mybatis.spring.mapper.ClassPathMapperScanner - Skipping MapperFactoryBean with name 'ansAgreeMapper' and 'net.begincode.core.mapper.AnsAgreeMapper' mapperInterface. Bean already defined with the same name!
12:49:09.333 [main] WARN  org.mybatis.spring.mapper.ClassPathMapperScanner - Skipping MapperFactoryBean with name 'answerMapper' and 'net.begincode.core.mapper.AnswerMapper' mapperInterface. Bean already defined with the same name!
12:49:09.333 [main] WARN  org.mybatis.spring.mapper.ClassPathMapperScanner - Skipping MapperFactoryBean with name 'begincodeUserMapper' and 'net.begincode.core.mapper.BegincodeUserMapper' mapperInterface. Bean already defined with the same name!
12:49:09.333 [main] WARN  org.mybatis.spring.mapper.ClassPathMapperScanner - Skipping MapperFactoryBean with name 'bizBegincodeUserMapper' and 'net.begincode.core.mapper.BizBegincodeUserMapper' mapperInterface. Bean already defined with the same name!
12:49:09.333 [main] WARN  org.mybatis.spring.mapper.ClassPathMapperScanner - Skipping MapperFactoryBean with name 'bizLabelMapper' and 'net.begincode.core.mapper.BizLabelMapper' mapperInterface. Bean already defined with the same name!
12:49:09.334 [main] WARN  org.mybatis.spring.mapper.ClassPathMapperScanner - Skipping MapperFactoryBean with name 'biz_ProAttentionMapper' and 'net.begincode.core.mapper.Biz_ProAttentionMapper' mapperInterface. Bean already defined with the same name!
12:49:09.334 [main] WARN  org.mybatis.spring.mapper.ClassPathMapperScanner - Skipping MapperFactoryBean with name 'demoMapper' and 'net.begincode.core.mapper.DemoMapper' mapperInterface. Bean already defined with the same name!
12:49:09.334 [main] WARN  org.mybatis.spring.mapper.ClassPathMapperScanner - Skipping MapperFactoryBean with name 'labelMapper' and 'net.begincode.core.mapper.LabelMapper' mapperInterface. Bean already defined with the same name!
12:49:09.334 [main] WARN  org.mybatis.spring.mapper.ClassPathMapperScanner - Skipping MapperFactoryBean with name 'messageMapper' and 'net.begincode.core.mapper.MessageMapper' mapperInterface. Bean already defined with the same name!
12:49:09.334 [main] WARN  org.mybatis.spring.mapper.ClassPathMapperScanner - Skipping MapperFactoryBean with name 'proAttentionMapper' and 'net.begincode.core.mapper.ProAttentionMapper' mapperInterface. Bean already defined with the same name!
12:49:09.334 [main] WARN  org.mybatis.spring.mapper.ClassPathMapperScanner - Skipping MapperFactoryBean with name 'problemLabelMapper' and 'net.begincode.core.mapper.ProblemLabelMapper' mapperInterface. Bean already defined with the same name!
12:49:09.334 [main] WARN  org.mybatis.spring.mapper.ClassPathMapperScanner - Skipping MapperFactoryBean with name 'problemMapper' and 'net.begincode.core.mapper.ProblemMapper' mapperInterface. Bean already defined with the same name!
12:49:09.334 [main] WARN  org.mybatis.spring.mapper.ClassPathMapperScanner - No MyBatis mapper was found in '[net.begincode.core.mapper]' package. Please check your configuration.
12:49:09.560 [main] ERROR com.alibaba.druid.pool.DruidAbstractDataSource - maxIdle is deprecated
12:54:26.713 [main] WARN  org.mybatis.spring.mapper.ClassPathMapperScanner - Skipping MapperFactoryBean with name 'ansAgreeMapper' and 'net.begincode.core.mapper.AnsAgreeMapper' mapperInterface. Bean already defined with the same name!
12:54:26.717 [main] WARN  org.mybatis.spring.mapper.ClassPathMapperScanner - Skipping MapperFactoryBean with name 'answerMapper' and 'net.begincode.core.mapper.AnswerMapper' mapperInterface. Bean already defined with the same name!
12:54:26.718 [main] WARN  org.mybatis.spring.mapper.ClassPathMapperScanner - Skipping MapperFactoryBean with name 'begincodeUserMapper' and 'net.begincode.core.mapper.BegincodeUserMapper' mapperInterface. Bean already defined with the same name!
12:54:26.719 [main] WARN  org.mybatis.spring.mapper.ClassPathMapperScanner - Skipping MapperFactoryBean with name 'bizBegincodeUserMapper' and 'net.begincode.core.mapper.BizBegincodeUserMapper' mapperInterface. Bean already defined with the same name!
12:54:26.719 [main] WARN  org.mybatis.spring.mapper.ClassPathMapperScanner - Skipping MapperFactoryBean with name 'bizLabelMapper' and 'net.begincode.core.mapper.BizLabelMapper' mapperInterface. Bean already defined with the same name!
12:54:26.719 [main] WARN  org.mybatis.spring.mapper.ClassPathMapperScanner - Skipping MapperFactoryBean with name 'biz_ProAttentionMapper' and 'net.begincode.core.mapper.Biz_ProAttentionMapper' mapperInterface. Bean already defined with the same name!
12:54:26.720 [main] WARN  org.mybatis.spring.mapper.ClassPathMapperScanner - Skipping MapperFactoryBean with name 'demoMapper' and 'net.begincode.core.mapper.DemoMapper' mapperInterface. Bean already defined with the same name!
12:54:26.720 [main] WARN  org.mybatis.spring.mapper.ClassPathMapperScanner - Skipping MapperFactoryBean with name 'labelMapper' and 'net.begincode.core.mapper.LabelMapper' mapperInterface. Bean already defined with the same name!
12:54:26.720 [main] WARN  org.mybatis.spring.mapper.ClassPathMapperScanner - Skipping MapperFactoryBean with name 'messageMapper' and 'net.begincode.core.mapper.MessageMapper' mapperInterface. Bean already defined with the same name!
12:54:26.720 [main] WARN  org.mybatis.spring.mapper.ClassPathMapperScanner - Skipping MapperFactoryBean with name 'proAttentionMapper' and 'net.begincode.core.mapper.ProAttentionMapper' mapperInterface. Bean already defined with the same name!
12:54:26.721 [main] WARN  org.mybatis.spring.mapper.ClassPathMapperScanner - Skipping MapperFactoryBean with name 'problemLabelMapper' and 'net.begincode.core.mapper.ProblemLabelMapper' mapperInterface. Bean already defined with the same name!
12:54:26.721 [main] WARN  org.mybatis.spring.mapper.ClassPathMapperScanner - Skipping MapperFactoryBean with name 'problemMapper' and 'net.begincode.core.mapper.ProblemMapper' mapperInterface. Bean already defined with the same name!
12:54:26.722 [main] WARN  org.mybatis.spring.mapper.ClassPathMapperScanner - No MyBatis mapper was found in '[net.begincode.core.mapper]' package. Please check your configuration.
12:54:27.197 [main] ERROR com.alibaba.druid.pool.DruidAbstractDataSource - maxIdle is deprecated
12:54:35.222 [main] WARN  org.mybatis.spring.mapper.ClassPathMapperScanner - Skipping MapperFactoryBean with name 'ansAgreeMapper' and 'net.begincode.core.mapper.AnsAgreeMapper' mapperInterface. Bean already defined with the same name!
12:54:35.223 [main] WARN  org.mybatis.spring.mapper.ClassPathMapperScanner - Skipping MapperFactoryBean with name 'answerMapper' and 'net.begincode.core.mapper.AnswerMapper' mapperInterface. Bean already defined with the same name!
12:54:35.224 [main] WARN  org.mybatis.spring.mapper.ClassPathMapperScanner - Skipping MapperFactoryBean with name 'begincodeUserMapper' and 'net.begincode.core.mapper.BegincodeUserMapper' mapperInterface. Bean already defined with the same name!
12:54:35.224 [main] WARN  org.mybatis.spring.mapper.ClassPathMapperScanner - Skipping MapperFactoryBean with name 'bizBegincodeUserMapper' and 'net.begincode.core.mapper.BizBegincodeUserMapper' mapperInterface. Bean already defined with the same name!
12:54:35.224 [main] WARN  org.mybatis.spring.mapper.ClassPathMapperScanner - Skipping MapperFactoryBean with name 'bizLabelMapper' and 'net.begincode.core.mapper.BizLabelMapper' mapperInterface. Bean already defined with the same name!
12:54:35.225 [main] WARN  org.mybatis.spring.mapper.ClassPathMapperScanner - Skipping MapperFactoryBean with name 'biz_ProAttentionMapper' and 'net.begincode.core.mapper.Biz_ProAttentionMapper' mapperInterface. Bean already defined with the same name!
12:54:35.225 [main] WARN  org.mybatis.spring.mapper.ClassPathMapperScanner - Skipping MapperFactoryBean with name 'demoMapper' and 'net.begincode.core.mapper.DemoMapper' mapperInterface. Bean already defined with the same name!
12:54:35.225 [main] WARN  org.mybatis.spring.mapper.ClassPathMapperScanner - Skipping MapperFactoryBean with name 'labelMapper' and 'net.begincode.core.mapper.LabelMapper' mapperInterface. Bean already defined with the same name!
12:54:35.228 [main] WARN  org.mybatis.spring.mapper.ClassPathMapperScanner - Skipping MapperFactoryBean with name 'messageMapper' and 'net.begincode.core.mapper.MessageMapper' mapperInterface. Bean already defined with the same name!
12:54:35.228 [main] WARN  org.mybatis.spring.mapper.ClassPathMapperScanner - Skipping MapperFactoryBean with name 'proAttentionMapper' and 'net.begincode.core.mapper.ProAttentionMapper' mapperInterface. Bean already defined with the same name!
12:54:35.229 [main] WARN  org.mybatis.spring.mapper.ClassPathMapperScanner - Skipping MapperFactoryBean with name 'problemLabelMapper' and 'net.begincode.core.mapper.ProblemLabelMapper' mapperInterface. Bean already defined with the same name!
12:54:35.229 [main] WARN  org.mybatis.spring.mapper.ClassPathMapperScanner - Skipping MapperFactoryBean with name 'problemMapper' and 'net.begincode.core.mapper.ProblemMapper' mapperInterface. Bean already defined with the same name!
12:54:35.229 [main] WARN  org.mybatis.spring.mapper.ClassPathMapperScanner - No MyBatis mapper was found in '[net.begincode.core.mapper]' package. Please check your configuration.
12:54:35.471 [main] ERROR com.alibaba.druid.pool.DruidAbstractDataSource - maxIdle is deprecated
12:55:38.773 [main] WARN  org.mybatis.spring.mapper.ClassPathMapperScanner - Skipping MapperFactoryBean with name 'ansAgreeMapper' and 'net.begincode.core.mapper.AnsAgreeMapper' mapperInterface. Bean already defined with the same name!
12:55:38.773 [main] WARN  org.mybatis.spring.mapper.ClassPathMapperScanner - Skipping MapperFactoryBean with name 'answerMapper' and 'net.begincode.core.mapper.AnswerMapper' mapperInterface. Bean already defined with the same name!
12:55:38.774 [main] WARN  org.mybatis.spring.mapper.ClassPathMapperScanner - Skipping MapperFactoryBean with name 'begincodeUserMapper' and 'net.begincode.core.mapper.BegincodeUserMapper' mapperInterface. Bean already defined with the same name!
12:55:38.774 [main] WARN  org.mybatis.spring.mapper.ClassPathMapperScanner - Skipping MapperFactoryBean with name 'bizBegincodeUserMapper' and 'net.begincode.core.mapper.BizBegincodeUserMapper' mapperInterface. Bean already defined with the same name!
12:55:38.774 [main] WARN  org.mybatis.spring.mapper.ClassPathMapperScanner - Skipping MapperFactoryBean with name 'bizLabelMapper' and 'net.begincode.core.mapper.BizLabelMapper' mapperInterface. Bean already defined with the same name!
12:55:38.774 [main] WARN  org.mybatis.spring.mapper.ClassPathMapperScanner - Skipping MapperFactoryBean with name 'biz_ProAttentionMapper' and 'net.begincode.core.mapper.Biz_ProAttentionMapper' mapperInterface. Bean already defined with the same name!
12:55:38.775 [main] WARN  org.mybatis.spring.mapper.ClassPathMapperScanner - Skipping MapperFactoryBean with name 'demoMapper' and 'net.begincode.core.mapper.DemoMapper' mapperInterface. Bean already defined with the same name!
12:55:38.775 [main] WARN  org.mybatis.spring.mapper.ClassPathMapperScanner - Skipping MapperFactoryBean with name 'labelMapper' and 'net.begincode.core.mapper.LabelMapper' mapperInterface. Bean already defined with the same name!
12:55:38.775 [main] WARN  org.mybatis.spring.mapper.ClassPathMapperScanner - Skipping MapperFactoryBean with name 'messageMapper' and 'net.begincode.core.mapper.MessageMapper' mapperInterface. Bean already defined with the same name!
12:55:38.775 [main] WARN  org.mybatis.spring.mapper.ClassPathMapperScanner - Skipping MapperFactoryBean with name 'proAttentionMapper' and 'net.begincode.core.mapper.ProAttentionMapper' mapperInterface. Bean already defined with the same name!
12:55:38.776 [main] WARN  org.mybatis.spring.mapper.ClassPathMapperScanner - Skipping MapperFactoryBean with name 'problemLabelMapper' and 'net.begincode.core.mapper.ProblemLabelMapper' mapperInterface. Bean already defined with the same name!
12:55:38.776 [main] WARN  org.mybatis.spring.mapper.ClassPathMapperScanner - Skipping MapperFactoryBean with name 'problemMapper' and 'net.begincode.core.mapper.ProblemMapper' mapperInterface. Bean already defined with the same name!
12:55:38.776 [main] WARN  org.mybatis.spring.mapper.ClassPathMapperScanner - No MyBatis mapper was found in '[net.begincode.core.mapper]' package. Please check your configuration.
12:55:39.146 [main] ERROR com.alibaba.druid.pool.DruidAbstractDataSource - maxIdle is deprecated
12:56:44.672 [main] WARN  org.mybatis.spring.mapper.ClassPathMapperScanner - Skipping MapperFactoryBean with name 'ansAgreeMapper' and 'net.begincode.core.mapper.AnsAgreeMapper' mapperInterface. Bean already defined with the same name!
12:56:44.672 [main] WARN  org.mybatis.spring.mapper.ClassPathMapperScanner - Skipping MapperFactoryBean with name 'answerMapper' and 'net.begincode.core.mapper.AnswerMapper' mapperInterface. Bean already defined with the same name!
12:56:44.672 [main] WARN  org.mybatis.spring.mapper.ClassPathMapperScanner - Skipping MapperFactoryBean with name 'begincodeUserMapper' and 'net.begincode.core.mapper.BegincodeUserMapper' mapperInterface. Bean already defined with the same name!
12:56:44.673 [main] WARN  org.mybatis.spring.mapper.ClassPathMapperScanner - Skipping MapperFactoryBean with name 'bizBegincodeUserMapper' and 'net.begincode.core.mapper.BizBegincodeUserMapper' mapperInterface. Bean already defined with the same name!
12:56:44.673 [main] WARN  org.mybatis.spring.mapper.ClassPathMapperScanner - Skipping MapperFactoryBean with name 'bizLabelMapper' and 'net.begincode.core.mapper.BizLabelMapper' mapperInterface. Bean already defined with the same name!
12:56:44.673 [main] WARN  org.mybatis.spring.mapper.ClassPathMapperScanner - Skipping MapperFactoryBean with name 'biz_ProAttentionMapper' and 'net.begincode.core.mapper.Biz_ProAttentionMapper' mapperInterface. Bean already defined with the same name!
12:56:44.673 [main] WARN  org.mybatis.spring.mapper.ClassPathMapperScanner - Skipping MapperFactoryBean with name 'demoMapper' and 'net.begincode.core.mapper.DemoMapper' mapperInterface. Bean already defined with the same name!
12:56:44.673 [main] WARN  org.mybatis.spring.mapper.ClassPathMapperScanner - Skipping MapperFactoryBean with name 'labelMapper' and 'net.begincode.core.mapper.LabelMapper' mapperInterface. Bean already defined with the same name!
12:56:44.673 [main] WARN  org.mybatis.spring.mapper.ClassPathMapperScanner - Skipping MapperFactoryBean with name 'messageMapper' and 'net.begincode.core.mapper.MessageMapper' mapperInterface. Bean already defined with the same name!
12:56:44.674 [main] WARN  org.mybatis.spring.mapper.ClassPathMapperScanner - Skipping MapperFactoryBean with name 'proAttentionMapper' and 'net.begincode.core.mapper.ProAttentionMapper' mapperInterface. Bean already defined with the same name!
12:56:44.674 [main] WARN  org.mybatis.spring.mapper.ClassPathMapperScanner - Skipping MapperFactoryBean with name 'problemLabelMapper' and 'net.begincode.core.mapper.ProblemLabelMapper' mapperInterface. Bean already defined with the same name!
12:56:44.674 [main] WARN  org.mybatis.spring.mapper.ClassPathMapperScanner - Skipping MapperFactoryBean with name 'problemMapper' and 'net.begincode.core.mapper.ProblemMapper' mapperInterface. Bean already defined with the same name!
12:56:44.674 [main] WARN  org.mybatis.spring.mapper.ClassPathMapperScanner - No MyBatis mapper was found in '[net.begincode.core.mapper]' package. Please check your configuration.
12:56:44.922 [main] ERROR com.alibaba.druid.pool.DruidAbstractDataSource - maxIdle is deprecated
13:00:43.820 [main] WARN  org.mybatis.spring.mapper.ClassPathMapperScanner - Skipping MapperFactoryBean with name 'ansAgreeMapper' and 'net.begincode.core.mapper.AnsAgreeMapper' mapperInterface. Bean already defined with the same name!
13:00:43.821 [main] WARN  org.mybatis.spring.mapper.ClassPathMapperScanner - Skipping MapperFactoryBean with name 'answerMapper' and 'net.begincode.core.mapper.AnswerMapper' mapperInterface. Bean already defined with the same name!
13:00:43.821 [main] WARN  org.mybatis.spring.mapper.ClassPathMapperScanner - Skipping MapperFactoryBean with name 'begincodeUserMapper' and 'net.begincode.core.mapper.BegincodeUserMapper' mapperInterface. Bean already defined with the same name!
13:00:43.821 [main] WARN  org.mybatis.spring.mapper.ClassPathMapperScanner - Skipping MapperFactoryBean with name 'bizBegincodeUserMapper' and 'net.begincode.core.mapper.BizBegincodeUserMapper' mapperInterface. Bean already defined with the same name!
13:00:43.821 [main] WARN  org.mybatis.spring.mapper.ClassPathMapperScanner - Skipping MapperFactoryBean with name 'bizLabelMapper' and 'net.begincode.core.mapper.BizLabelMapper' mapperInterface. Bean already defined with the same name!
13:00:43.821 [main] WARN  org.mybatis.spring.mapper.ClassPathMapperScanner - Skipping MapperFactoryBean with name 'biz_ProAttentionMapper' and 'net.begincode.core.mapper.Biz_ProAttentionMapper' mapperInterface. Bean already defined with the same name!
13:00:43.826 [main] WARN  org.mybatis.spring.mapper.ClassPathMapperScanner - Skipping MapperFactoryBean with name 'demoMapper' and 'net.begincode.core.mapper.DemoMapper' mapperInterface. Bean already defined with the same name!
13:00:43.826 [main] WARN  org.mybatis.spring.mapper.ClassPathMapperScanner - Skipping MapperFactoryBean with name 'labelMapper' and 'net.begincode.core.mapper.LabelMapper' mapperInterface. Bean already defined with the same name!
13:00:43.827 [main] WARN  org.mybatis.spring.mapper.ClassPathMapperScanner - Skipping MapperFactoryBean with name 'messageMapper' and 'net.begincode.core.mapper.MessageMapper' mapperInterface. Bean already defined with the same name!
13:00:43.827 [main] WARN  org.mybatis.spring.mapper.ClassPathMapperScanner - Skipping MapperFactoryBean with name 'proAttentionMapper' and 'net.begincode.core.mapper.ProAttentionMapper' mapperInterface. Bean already defined with the same name!
13:00:43.827 [main] WARN  org.mybatis.spring.mapper.ClassPathMapperScanner - Skipping MapperFactoryBean with name 'problemLabelMapper' and 'net.begincode.core.mapper.ProblemLabelMapper' mapperInterface. Bean already defined with the same name!
13:00:43.827 [main] WARN  org.mybatis.spring.mapper.ClassPathMapperScanner - Skipping MapperFactoryBean with name 'problemMapper' and 'net.begincode.core.mapper.ProblemMapper' mapperInterface. Bean already defined with the same name!
13:00:43.827 [main] WARN  org.mybatis.spring.mapper.ClassPathMapperScanner - No MyBatis mapper was found in '[net.begincode.core.mapper]' package. Please check your configuration.
13:00:44.081 [main] ERROR com.alibaba.druid.pool.DruidAbstractDataSource - maxIdle is deprecated
13:02:04.548 [main] WARN  org.mybatis.spring.mapper.ClassPathMapperScanner - Skipping MapperFactoryBean with name 'ansAgreeMapper' and 'net.begincode.core.mapper.AnsAgreeMapper' mapperInterface. Bean already defined with the same name!
13:02:04.548 [main] WARN  org.mybatis.spring.mapper.ClassPathMapperScanner - Skipping MapperFactoryBean with name 'answerMapper' and 'net.begincode.core.mapper.AnswerMapper' mapperInterface. Bean already defined with the same name!
13:02:04.548 [main] WARN  org.mybatis.spring.mapper.ClassPathMapperScanner - Skipping MapperFactoryBean with name 'begincodeUserMapper' and 'net.begincode.core.mapper.BegincodeUserMapper' mapperInterface. Bean already defined with the same name!
13:02:04.549 [main] WARN  org.mybatis.spring.mapper.ClassPathMapperScanner - Skipping MapperFactoryBean with name 'bizBegincodeUserMapper' and 'net.begincode.core.mapper.BizBegincodeUserMapper' mapperInterface. Bean already defined with the same name!
13:02:04.549 [main] WARN  org.mybatis.spring.mapper.ClassPathMapperScanner - Skipping MapperFactoryBean with name 'bizLabelMapper' and 'net.begincode.core.mapper.BizLabelMapper' mapperInterface. Bean already defined with the same name!
13:02:04.550 [main] WARN  org.mybatis.spring.mapper.ClassPathMapperScanner - Skipping MapperFactoryBean with name 'biz_ProAttentionMapper' and 'net.begincode.core.mapper.Biz_ProAttentionMapper' mapperInterface. Bean already defined with the same name!
13:02:04.552 [main] WARN  org.mybatis.spring.mapper.ClassPathMapperScanner - Skipping MapperFactoryBean with name 'demoMapper' and 'net.begincode.core.mapper.DemoMapper' mapperInterface. Bean already defined with the same name!
13:02:04.552 [main] WARN  org.mybatis.spring.mapper.ClassPathMapperScanner - Skipping MapperFactoryBean with name 'labelMapper' and 'net.begincode.core.mapper.LabelMapper' mapperInterface. Bean already defined with the same name!
13:02:04.552 [main] WARN  org.mybatis.spring.mapper.ClassPathMapperScanner - Skipping MapperFactoryBean with name 'messageMapper' and 'net.begincode.core.mapper.MessageMapper' mapperInterface. Bean already defined with the same name!
13:02:04.552 [main] WARN  org.mybatis.spring.mapper.ClassPathMapperScanner - Skipping MapperFactoryBean with name 'proAttentionMapper' and 'net.begincode.core.mapper.ProAttentionMapper' mapperInterface. Bean already defined with the same name!
13:02:04.553 [main] WARN  org.mybatis.spring.mapper.ClassPathMapperScanner - Skipping MapperFactoryBean with name 'problemLabelMapper' and 'net.begincode.core.mapper.ProblemLabelMapper' mapperInterface. Bean already defined with the same name!
13:02:04.553 [main] WARN  org.mybatis.spring.mapper.ClassPathMapperScanner - Skipping MapperFactoryBean with name 'problemMapper' and 'net.begincode.core.mapper.ProblemMapper' mapperInterface. Bean already defined with the same name!
13:02:04.553 [main] WARN  org.mybatis.spring.mapper.ClassPathMapperScanner - No MyBatis mapper was found in '[net.begincode.core.mapper]' package. Please check your configuration.
13:02:04.760 [main] ERROR com.alibaba.druid.pool.DruidAbstractDataSource - maxIdle is deprecated
13:02:09.390 [main] WARN  com.alibaba.druid.pool.DruidDataSource - not full timeout retry : 1
13:02:54.202 [main] WARN  org.mybatis.spring.mapper.ClassPathMapperScanner - Skipping MapperFactoryBean with name 'ansAgreeMapper' and 'net.begincode.core.mapper.AnsAgreeMapper' mapperInterface. Bean already defined with the same name!
13:02:54.202 [main] WARN  org.mybatis.spring.mapper.ClassPathMapperScanner - Skipping MapperFactoryBean with name 'answerMapper' and 'net.begincode.core.mapper.AnswerMapper' mapperInterface. Bean already defined with the same name!
13:02:54.203 [main] WARN  org.mybatis.spring.mapper.ClassPathMapperScanner - Skipping MapperFactoryBean with name 'begincodeUserMapper' and 'net.begincode.core.mapper.BegincodeUserMapper' mapperInterface. Bean already defined with the same name!
13:02:54.203 [main] WARN  org.mybatis.spring.mapper.ClassPathMapperScanner - Skipping MapperFactoryBean with name 'bizBegincodeUserMapper' and 'net.begincode.core.mapper.BizBegincodeUserMapper' mapperInterface. Bean already defined with the same name!
13:02:54.203 [main] WARN  org.mybatis.spring.mapper.ClassPathMapperScanner - Skipping MapperFactoryBean with name 'bizLabelMapper' and 'net.begincode.core.mapper.BizLabelMapper' mapperInterface. Bean already defined with the same name!
13:02:54.203 [main] WARN  org.mybatis.spring.mapper.ClassPathMapperScanner - Skipping MapperFactoryBean with name 'biz_ProAttentionMapper' and 'net.begincode.core.mapper.Biz_ProAttentionMapper' mapperInterface. Bean already defined with the same name!
13:02:54.203 [main] WARN  org.mybatis.spring.mapper.ClassPathMapperScanner - Skipping MapperFactoryBean with name 'demoMapper' and 'net.begincode.core.mapper.DemoMapper' mapperInterface. Bean already defined with the same name!
13:02:54.203 [main] WARN  org.mybatis.spring.mapper.ClassPathMapperScanner - Skipping MapperFactoryBean with name 'labelMapper' and 'net.begincode.core.mapper.LabelMapper' mapperInterface. Bean already defined with the same name!
13:02:54.206 [main] WARN  org.mybatis.spring.mapper.ClassPathMapperScanner - Skipping MapperFactoryBean with name 'messageMapper' and 'net.begincode.core.mapper.MessageMapper' mapperInterface. Bean already defined with the same name!
13:02:54.207 [main] WARN  org.mybatis.spring.mapper.ClassPathMapperScanner - Skipping MapperFactoryBean with name 'proAttentionMapper' and 'net.begincode.core.mapper.ProAttentionMapper' mapperInterface. Bean already defined with the same name!
13:02:54.207 [main] WARN  org.mybatis.spring.mapper.ClassPathMapperScanner - Skipping MapperFactoryBean with name 'problemLabelMapper' and 'net.begincode.core.mapper.ProblemLabelMapper' mapperInterface. Bean already defined with the same name!
13:02:54.207 [main] WARN  org.mybatis.spring.mapper.ClassPathMapperScanner - Skipping MapperFactoryBean with name 'problemMapper' and 'net.begincode.core.mapper.ProblemMapper' mapperInterface. Bean already defined with the same name!
13:02:54.207 [main] WARN  org.mybatis.spring.mapper.ClassPathMapperScanner - No MyBatis mapper was found in '[net.begincode.core.mapper]' package. Please check your configuration.
13:02:54.463 [main] ERROR com.alibaba.druid.pool.DruidAbstractDataSource - maxIdle is deprecated
13:02:59.691 [main] WARN  org.mybatis.spring.mapper.ClassPathMapperScanner - Skipping MapperFactoryBean with name 'ansAgreeMapper' and 'net.begincode.core.mapper.AnsAgreeMapper' mapperInterface. Bean already defined with the same name!
13:02:59.692 [main] WARN  org.mybatis.spring.mapper.ClassPathMapperScanner - Skipping MapperFactoryBean with name 'answerMapper' and 'net.begincode.core.mapper.AnswerMapper' mapperInterface. Bean already defined with the same name!
13:02:59.692 [main] WARN  org.mybatis.spring.mapper.ClassPathMapperScanner - Skipping MapperFactoryBean with name 'begincodeUserMapper' and 'net.begincode.core.mapper.BegincodeUserMapper' mapperInterface. Bean already defined with the same name!
13:02:59.692 [main] WARN  org.mybatis.spring.mapper.ClassPathMapperScanner - Skipping MapperFactoryBean with name 'bizBegincodeUserMapper' and 'net.begincode.core.mapper.BizBegincodeUserMapper' mapperInterface. Bean already defined with the same name!
13:02:59.692 [main] WARN  org.mybatis.spring.mapper.ClassPathMapperScanner - Skipping MapperFactoryBean with name 'bizLabelMapper' and 'net.begincode.core.mapper.BizLabelMapper' mapperInterface. Bean already defined with the same name!
13:02:59.693 [main] WARN  org.mybatis.spring.mapper.ClassPathMapperScanner - Skipping MapperFactoryBean with name 'biz_ProAttentionMapper' and 'net.begincode.core.mapper.Biz_ProAttentionMapper' mapperInterface. Bean already defined with the same name!
13:02:59.693 [main] WARN  org.mybatis.spring.mapper.ClassPathMapperScanner - Skipping MapperFactoryBean with name 'demoMapper' and 'net.begincode.core.mapper.DemoMapper' mapperInterface. Bean already defined with the same name!
13:02:59.693 [main] WARN  org.mybatis.spring.mapper.ClassPathMapperScanner - Skipping MapperFactoryBean with name 'labelMapper' and 'net.begincode.core.mapper.LabelMapper' mapperInterface. Bean already defined with the same name!
13:02:59.694 [main] WARN  org.mybatis.spring.mapper.ClassPathMapperScanner - Skipping MapperFactoryBean with name 'messageMapper' and 'net.begincode.core.mapper.MessageMapper' mapperInterface. Bean already defined with the same name!
13:02:59.694 [main] WARN  org.mybatis.spring.mapper.ClassPathMapperScanner - Skipping MapperFactoryBean with name 'proAttentionMapper' and 'net.begincode.core.mapper.ProAttentionMapper' mapperInterface. Bean already defined with the same name!
13:02:59.694 [main] WARN  org.mybatis.spring.mapper.ClassPathMapperScanner - Skipping MapperFactoryBean with name 'problemLabelMapper' and 'net.begincode.core.mapper.ProblemLabelMapper' mapperInterface. Bean already defined with the same name!
13:02:59.694 [main] WARN  org.mybatis.spring.mapper.ClassPathMapperScanner - Skipping MapperFactoryBean with name 'problemMapper' and 'net.begincode.core.mapper.ProblemMapper' mapperInterface. Bean already defined with the same name!
13:02:59.695 [main] WARN  org.mybatis.spring.mapper.ClassPathMapperScanner - No MyBatis mapper was found in '[net.begincode.core.mapper]' package. Please check your configuration.
13:02:59.908 [main] ERROR com.alibaba.druid.pool.DruidAbstractDataSource - maxIdle is deprecated
13:03:29.770 [main] WARN  org.mybatis.spring.mapper.ClassPathMapperScanner - Skipping MapperFactoryBean with name 'ansAgreeMapper' and 'net.begincode.core.mapper.AnsAgreeMapper' mapperInterface. Bean already defined with the same name!
13:03:29.771 [main] WARN  org.mybatis.spring.mapper.ClassPathMapperScanner - Skipping MapperFactoryBean with name 'answerMapper' and 'net.begincode.core.mapper.AnswerMapper' mapperInterface. Bean already defined with the same name!
13:03:29.771 [main] WARN  org.mybatis.spring.mapper.ClassPathMapperScanner - Skipping MapperFactoryBean with name 'begincodeUserMapper' and 'net.begincode.core.mapper.BegincodeUserMapper' mapperInterface. Bean already defined with the same name!
13:03:29.771 [main] WARN  org.mybatis.spring.mapper.ClassPathMapperScanner - Skipping MapperFactoryBean with name 'bizBegincodeUserMapper' and 'net.begincode.core.mapper.BizBegincodeUserMapper' mapperInterface. Bean already defined with the same name!
13:03:29.771 [main] WARN  org.mybatis.spring.mapper.ClassPathMapperScanner - Skipping MapperFactoryBean with name 'bizLabelMapper' and 'net.begincode.core.mapper.BizLabelMapper' mapperInterface. Bean already defined with the same name!
13:03:29.773 [main] WARN  org.mybatis.spring.mapper.ClassPathMapperScanner - Skipping MapperFactoryBean with name 'biz_ProAttentionMapper' and 'net.begincode.core.mapper.Biz_ProAttentionMapper' mapperInterface. Bean already defined with the same name!
13:03:29.775 [main] WARN  org.mybatis.spring.mapper.ClassPathMapperScanner - Skipping MapperFactoryBean with name 'demoMapper' and 'net.begincode.core.mapper.DemoMapper' mapperInterface. Bean already defined with the same name!
13:03:29.775 [main] WARN  org.mybatis.spring.mapper.ClassPathMapperScanner - Skipping MapperFactoryBean with name 'labelMapper' and 'net.begincode.core.mapper.LabelMapper' mapperInterface. Bean already defined with the same name!
13:03:29.776 [main] WARN  org.mybatis.spring.mapper.ClassPathMapperScanner - Skipping MapperFactoryBean with name 'messageMapper' and 'net.begincode.core.mapper.MessageMapper' mapperInterface. Bean already defined with the same name!
13:03:29.776 [main] WARN  org.mybatis.spring.mapper.ClassPathMapperScanner - Skipping MapperFactoryBean with name 'proAttentionMapper' and 'net.begincode.core.mapper.ProAttentionMapper' mapperInterface. Bean already defined with the same name!
13:03:29.776 [main] WARN  org.mybatis.spring.mapper.ClassPathMapperScanner - Skipping MapperFactoryBean with name 'problemLabelMapper' and 'net.begincode.core.mapper.ProblemLabelMapper' mapperInterface. Bean already defined with the same name!
13:03:29.776 [main] WARN  org.mybatis.spring.mapper.ClassPathMapperScanner - Skipping MapperFactoryBean with name 'problemMapper' and 'net.begincode.core.mapper.ProblemMapper' mapperInterface. Bean already defined with the same name!
13:03:29.776 [main] WARN  org.mybatis.spring.mapper.ClassPathMapperScanner - No MyBatis mapper was found in '[net.begincode.core.mapper]' package. Please check your configuration.
13:03:30.006 [main] ERROR com.alibaba.druid.pool.DruidAbstractDataSource - maxIdle is deprecated
13:03:52.663 [main] WARN  org.mybatis.spring.mapper.ClassPathMapperScanner - Skipping MapperFactoryBean with name 'ansAgreeMapper' and 'net.begincode.core.mapper.AnsAgreeMapper' mapperInterface. Bean already defined with the same name!
13:03:52.664 [main] WARN  org.mybatis.spring.mapper.ClassPathMapperScanner - Skipping MapperFactoryBean with name 'answerMapper' and 'net.begincode.core.mapper.AnswerMapper' mapperInterface. Bean already defined with the same name!
13:03:52.664 [main] WARN  org.mybatis.spring.mapper.ClassPathMapperScanner - Skipping MapperFactoryBean with name 'begincodeUserMapper' and 'net.begincode.core.mapper.BegincodeUserMapper' mapperInterface. Bean already defined with the same name!
13:03:52.664 [main] WARN  org.mybatis.spring.mapper.ClassPathMapperScanner - Skipping MapperFactoryBean with name 'bizBegincodeUserMapper' and 'net.begincode.core.mapper.BizBegincodeUserMapper' mapperInterface. Bean already defined with the same name!
13:03:52.665 [main] WARN  org.mybatis.spring.mapper.ClassPathMapperScanner - Skipping MapperFactoryBean with name 'bizLabelMapper' and 'net.begincode.core.mapper.BizLabelMapper' mapperInterface. Bean already defined with the same name!
13:03:52.665 [main] WARN  org.mybatis.spring.mapper.ClassPathMapperScanner - Skipping MapperFactoryBean with name 'biz_ProAttentionMapper' and 'net.begincode.core.mapper.Biz_ProAttentionMapper' mapperInterface. Bean already defined with the same name!
13:03:52.665 [main] WARN  org.mybatis.spring.mapper.ClassPathMapperScanner - Skipping MapperFactoryBean with name 'demoMapper' and 'net.begincode.core.mapper.DemoMapper' mapperInterface. Bean already defined with the same name!
13:03:52.665 [main] WARN  org.mybatis.spring.mapper.ClassPathMapperScanner - Skipping MapperFactoryBean with name 'labelMapper' and 'net.begincode.core.mapper.LabelMapper' mapperInterface. Bean already defined with the same name!
13:03:52.665 [main] WARN  org.mybatis.spring.mapper.ClassPathMapperScanner - Skipping MapperFactoryBean with name 'messageMapper' and 'net.begincode.core.mapper.MessageMapper' mapperInterface. Bean already defined with the same name!
13:03:52.665 [main] WARN  org.mybatis.spring.mapper.ClassPathMapperScanner - Skipping MapperFactoryBean with name 'proAttentionMapper' and 'net.begincode.core.mapper.ProAttentionMapper' mapperInterface. Bean already defined with the same name!
13:03:52.666 [main] WARN  org.mybatis.spring.mapper.ClassPathMapperScanner - Skipping MapperFactoryBean with name 'problemLabelMapper' and 'net.begincode.core.mapper.ProblemLabelMapper' mapperInterface. Bean already defined with the same name!
13:03:52.666 [main] WARN  org.mybatis.spring.mapper.ClassPathMapperScanner - Skipping MapperFactoryBean with name 'problemMapper' and 'net.begincode.core.mapper.ProblemMapper' mapperInterface. Bean already defined with the same name!
13:03:52.666 [main] WARN  org.mybatis.spring.mapper.ClassPathMapperScanner - No MyBatis mapper was found in '[net.begincode.core.mapper]' package. Please check your configuration.
13:03:52.886 [main] ERROR com.alibaba.druid.pool.DruidAbstractDataSource - maxIdle is deprecated
13:03:57.388 [main] WARN  com.alibaba.druid.pool.DruidDataSource - not full timeout retry : 1
13:04:30.966 [main] WARN  org.mybatis.spring.mapper.ClassPathMapperScanner - Skipping MapperFactoryBean with name 'ansAgreeMapper' and 'net.begincode.core.mapper.AnsAgreeMapper' mapperInterface. Bean already defined with the same name!
13:04:30.966 [main] WARN  org.mybatis.spring.mapper.ClassPathMapperScanner - Skipping MapperFactoryBean with name 'answerMapper' and 'net.begincode.core.mapper.AnswerMapper' mapperInterface. Bean already defined with the same name!
13:04:30.966 [main] WARN  org.mybatis.spring.mapper.ClassPathMapperScanner - Skipping MapperFactoryBean with name 'begincodeUserMapper' and 'net.begincode.core.mapper.BegincodeUserMapper' mapperInterface. Bean already defined with the same name!
13:04:30.966 [main] WARN  org.mybatis.spring.mapper.ClassPathMapperScanner - Skipping MapperFactoryBean with name 'bizBegincodeUserMapper' and 'net.begincode.core.mapper.BizBegincodeUserMapper' mapperInterface. Bean already defined with the same name!
13:04:30.967 [main] WARN  org.mybatis.spring.mapper.ClassPathMapperScanner - Skipping MapperFactoryBean with name 'bizLabelMapper' and 'net.begincode.core.mapper.BizLabelMapper' mapperInterface. Bean already defined with the same name!
13:04:30.967 [main] WARN  org.mybatis.spring.mapper.ClassPathMapperScanner - Skipping MapperFactoryBean with name 'biz_ProAttentionMapper' and 'net.begincode.core.mapper.Biz_ProAttentionMapper' mapperInterface. Bean already defined with the same name!
13:04:30.967 [main] WARN  org.mybatis.spring.mapper.ClassPathMapperScanner - Skipping MapperFactoryBean with name 'demoMapper' and 'net.begincode.core.mapper.DemoMapper' mapperInterface. Bean already defined with the same name!
13:04:30.967 [main] WARN  org.mybatis.spring.mapper.ClassPathMapperScanner - Skipping MapperFactoryBean with name 'labelMapper' and 'net.begincode.core.mapper.LabelMapper' mapperInterface. Bean already defined with the same name!
13:04:30.967 [main] WARN  org.mybatis.spring.mapper.ClassPathMapperScanner - Skipping MapperFactoryBean with name 'messageMapper' and 'net.begincode.core.mapper.MessageMapper' mapperInterface. Bean already defined with the same name!
13:04:30.968 [main] WARN  org.mybatis.spring.mapper.ClassPathMapperScanner - Skipping MapperFactoryBean with name 'proAttentionMapper' and 'net.begincode.core.mapper.ProAttentionMapper' mapperInterface. Bean already defined with the same name!
13:04:30.968 [main] WARN  org.mybatis.spring.mapper.ClassPathMapperScanner - Skipping MapperFactoryBean with name 'problemLabelMapper' and 'net.begincode.core.mapper.ProblemLabelMapper' mapperInterface. Bean already defined with the same name!
13:04:30.968 [main] WARN  org.mybatis.spring.mapper.ClassPathMapperScanner - Skipping MapperFactoryBean with name 'problemMapper' and 'net.begincode.core.mapper.ProblemMapper' mapperInterface. Bean already defined with the same name!
13:04:30.968 [main] WARN  org.mybatis.spring.mapper.ClassPathMapperScanner - No MyBatis mapper was found in '[net.begincode.core.mapper]' package. Please check your configuration.
13:04:31.198 [main] ERROR com.alibaba.druid.pool.DruidAbstractDataSource - maxIdle is deprecated
13:04:52.978 [main] WARN  org.mybatis.spring.mapper.ClassPathMapperScanner - Skipping MapperFactoryBean with name 'ansAgreeMapper' and 'net.begincode.core.mapper.AnsAgreeMapper' mapperInterface. Bean already defined with the same name!
13:04:52.979 [main] WARN  org.mybatis.spring.mapper.ClassPathMapperScanner - Skipping MapperFactoryBean with name 'answerMapper' and 'net.begincode.core.mapper.AnswerMapper' mapperInterface. Bean already defined with the same name!
13:04:52.979 [main] WARN  org.mybatis.spring.mapper.ClassPathMapperScanner - Skipping MapperFactoryBean with name 'begincodeUserMapper' and 'net.begincode.core.mapper.BegincodeUserMapper' mapperInterface. Bean already defined with the same name!
13:04:52.979 [main] WARN  org.mybatis.spring.mapper.ClassPathMapperScanner - Skipping MapperFactoryBean with name 'bizBegincodeUserMapper' and 'net.begincode.core.mapper.BizBegincodeUserMapper' mapperInterface. Bean already defined with the same name!
13:04:52.980 [main] WARN  org.mybatis.spring.mapper.ClassPathMapperScanner - Skipping MapperFactoryBean with name 'bizLabelMapper' and 'net.begincode.core.mapper.BizLabelMapper' mapperInterface. Bean already defined with the same name!
13:04:52.980 [main] WARN  org.mybatis.spring.mapper.ClassPathMapperScanner - Skipping MapperFactoryBean with name 'biz_ProAttentionMapper' and 'net.begincode.core.mapper.Biz_ProAttentionMapper' mapperInterface. Bean already defined with the same name!
13:04:52.983 [main] WARN  org.mybatis.spring.mapper.ClassPathMapperScanner - Skipping MapperFactoryBean with name 'demoMapper' and 'net.begincode.core.mapper.DemoMapper' mapperInterface. Bean already defined with the same name!
13:04:52.983 [main] WARN  org.mybatis.spring.mapper.ClassPathMapperScanner - Skipping MapperFactoryBean with name 'labelMapper' and 'net.begincode.core.mapper.LabelMapper' mapperInterface. Bean already defined with the same name!
13:04:52.983 [main] WARN  org.mybatis.spring.mapper.ClassPathMapperScanner - Skipping MapperFactoryBean with name 'messageMapper' and 'net.begincode.core.mapper.MessageMapper' mapperInterface. Bean already defined with the same name!
13:04:52.983 [main] WARN  org.mybatis.spring.mapper.ClassPathMapperScanner - Skipping MapperFactoryBean with name 'proAttentionMapper' and 'net.begincode.core.mapper.ProAttentionMapper' mapperInterface. Bean already defined with the same name!
13:04:52.983 [main] WARN  org.mybatis.spring.mapper.ClassPathMapperScanner - Skipping MapperFactoryBean with name 'problemLabelMapper' and 'net.begincode.core.mapper.ProblemLabelMapper' mapperInterface. Bean already defined with the same name!
13:04:52.984 [main] WARN  org.mybatis.spring.mapper.ClassPathMapperScanner - Skipping MapperFactoryBean with name 'problemMapper' and 'net.begincode.core.mapper.ProblemMapper' mapperInterface. Bean already defined with the same name!
13:04:52.984 [main] WARN  org.mybatis.spring.mapper.ClassPathMapperScanner - No MyBatis mapper was found in '[net.begincode.core.mapper]' package. Please check your configuration.
13:04:53.237 [main] ERROR com.alibaba.druid.pool.DruidAbstractDataSource - maxIdle is deprecated
13:14:37.749 [main] WARN  org.mybatis.spring.mapper.ClassPathMapperScanner - Skipping MapperFactoryBean with name 'ansAgreeMapper' and 'net.begincode.core.mapper.AnsAgreeMapper' mapperInterface. Bean already defined with the same name!
13:14:37.749 [main] WARN  org.mybatis.spring.mapper.ClassPathMapperScanner - Skipping MapperFactoryBean with name 'answerMapper' and 'net.begincode.core.mapper.AnswerMapper' mapperInterface. Bean already defined with the same name!
13:14:37.749 [main] WARN  org.mybatis.spring.mapper.ClassPathMapperScanner - Skipping MapperFactoryBean with name 'begincodeUserMapper' and 'net.begincode.core.mapper.BegincodeUserMapper' mapperInterface. Bean already defined with the same name!
13:14:37.749 [main] WARN  org.mybatis.spring.mapper.ClassPathMapperScanner - Skipping MapperFactoryBean with name 'bizBegincodeUserMapper' and 'net.begincode.core.mapper.BizBegincodeUserMapper' mapperInterface. Bean already defined with the same name!
13:14:37.749 [main] WARN  org.mybatis.spring.mapper.ClassPathMapperScanner - Skipping MapperFactoryBean with name 'bizLabelMapper' and 'net.begincode.core.mapper.BizLabelMapper' mapperInterface. Bean already defined with the same name!
13:14:37.750 [main] WARN  org.mybatis.spring.mapper.ClassPathMapperScanner - Skipping MapperFactoryBean with name 'biz_ProAttentionMapper' and 'net.begincode.core.mapper.Biz_ProAttentionMapper' mapperInterface. Bean already defined with the same name!
13:14:37.750 [main] WARN  org.mybatis.spring.mapper.ClassPathMapperScanner - Skipping MapperFactoryBean with name 'demoMapper' and 'net.begincode.core.mapper.DemoMapper' mapperInterface. Bean already defined with the same name!
13:14:37.750 [main] WARN  org.mybatis.spring.mapper.ClassPathMapperScanner - Skipping MapperFactoryBean with name 'labelMapper' and 'net.begincode.core.mapper.LabelMapper' mapperInterface. Bean already defined with the same name!
13:14:37.750 [main] WARN  org.mybatis.spring.mapper.ClassPathMapperScanner - Skipping MapperFactoryBean with name 'messageMapper' and 'net.begincode.core.mapper.MessageMapper' mapperInterface. Bean already defined with the same name!
13:14:37.750 [main] WARN  org.mybatis.spring.mapper.ClassPathMapperScanner - Skipping MapperFactoryBean with name 'proAttentionMapper' and 'net.begincode.core.mapper.ProAttentionMapper' mapperInterface. Bean already defined with the same name!
13:14:37.750 [main] WARN  org.mybatis.spring.mapper.ClassPathMapperScanner - Skipping MapperFactoryBean with name 'problemLabelMapper' and 'net.begincode.core.mapper.ProblemLabelMapper' mapperInterface. Bean already defined with the same name!
13:14:37.751 [main] WARN  org.mybatis.spring.mapper.ClassPathMapperScanner - Skipping MapperFactoryBean with name 'problemMapper' and 'net.begincode.core.mapper.ProblemMapper' mapperInterface. Bean already defined with the same name!
13:14:37.751 [main] WARN  org.mybatis.spring.mapper.ClassPathMapperScanner - No MyBatis mapper was found in '[net.begincode.core.mapper]' package. Please check your configuration.
13:14:37.979 [main] ERROR com.alibaba.druid.pool.DruidAbstractDataSource - maxIdle is deprecated
13:16:07.203 [main] WARN  org.mybatis.spring.mapper.ClassPathMapperScanner - Skipping MapperFactoryBean with name 'ansAgreeMapper' and 'net.begincode.core.mapper.AnsAgreeMapper' mapperInterface. Bean already defined with the same name!
13:16:07.204 [main] WARN  org.mybatis.spring.mapper.ClassPathMapperScanner - Skipping MapperFactoryBean with name 'answerMapper' and 'net.begincode.core.mapper.AnswerMapper' mapperInterface. Bean already defined with the same name!
13:16:07.204 [main] WARN  org.mybatis.spring.mapper.ClassPathMapperScanner - Skipping MapperFactoryBean with name 'begincodeUserMapper' and 'net.begincode.core.mapper.BegincodeUserMapper' mapperInterface. Bean already defined with the same name!
13:16:07.204 [main] WARN  org.mybatis.spring.mapper.ClassPathMapperScanner - Skipping MapperFactoryBean with name 'bizBegincodeUserMapper' and 'net.begincode.core.mapper.BizBegincodeUserMapper' mapperInterface. Bean already defined with the same name!
13:16:07.205 [main] WARN  org.mybatis.spring.mapper.ClassPathMapperScanner - Skipping MapperFactoryBean with name 'bizLabelMapper' and 'net.begincode.core.mapper.BizLabelMapper' mapperInterface. Bean already defined with the same name!
13:16:07.205 [main] WARN  org.mybatis.spring.mapper.ClassPathMapperScanner - Skipping MapperFactoryBean with name 'biz_ProAttentionMapper' and 'net.begincode.core.mapper.Biz_ProAttentionMapper' mapperInterface. Bean already defined with the same name!
13:16:07.207 [main] WARN  org.mybatis.spring.mapper.ClassPathMapperScanner - Skipping MapperFactoryBean with name 'demoMapper' and 'net.begincode.core.mapper.DemoMapper' mapperInterface. Bean already defined with the same name!
13:16:07.207 [main] WARN  org.mybatis.spring.mapper.ClassPathMapperScanner - Skipping MapperFactoryBean with name 'labelMapper' and 'net.begincode.core.mapper.LabelMapper' mapperInterface. Bean already defined with the same name!
13:16:07.207 [main] WARN  org.mybatis.spring.mapper.ClassPathMapperScanner - Skipping MapperFactoryBean with name 'messageMapper' and 'net.begincode.core.mapper.MessageMapper' mapperInterface. Bean already defined with the same name!
13:16:07.207 [main] WARN  org.mybatis.spring.mapper.ClassPathMapperScanner - Skipping MapperFactoryBean with name 'proAttentionMapper' and 'net.begincode.core.mapper.ProAttentionMapper' mapperInterface. Bean already defined with the same name!
13:16:07.208 [main] WARN  org.mybatis.spring.mapper.ClassPathMapperScanner - Skipping MapperFactoryBean with name 'problemLabelMapper' and 'net.begincode.core.mapper.ProblemLabelMapper' mapperInterface. Bean already defined with the same name!
13:16:07.208 [main] WARN  org.mybatis.spring.mapper.ClassPathMapperScanner - Skipping MapperFactoryBean with name 'problemMapper' and 'net.begincode.core.mapper.ProblemMapper' mapperInterface. Bean already defined with the same name!
13:16:07.208 [main] WARN  org.mybatis.spring.mapper.ClassPathMapperScanner - No MyBatis mapper was found in '[net.begincode.core.mapper]' package. Please check your configuration.
13:16:07.430 [main] ERROR com.alibaba.druid.pool.DruidAbstractDataSource - maxIdle is deprecated
