19:42:00.446 [main] WARN  org.mybatis.spring.mapper.ClassPathMapperScanner - Skipping MapperFactoryBean with name 'ansAgreeMapper' and 'net.begincode.core.mapper.AnsAgreeMapper' mapperInterface. Bean already defined with the same name!
19:42:00.446 [main] WARN  org.mybatis.spring.mapper.ClassPathMapperScanner - Skipping MapperFactoryBean with name 'answerMapper' and 'net.begincode.core.mapper.AnswerMapper' mapperInterface. Bean already defined with the same name!
19:42:00.448 [main] WARN  org.mybatis.spring.mapper.ClassPathMapperScanner - Skipping MapperFactoryBean with name 'begincodeUserMapper' and 'net.begincode.core.mapper.BegincodeUserMapper' mapperInterface. Bean already defined with the same name!
19:42:00.448 [main] WARN  org.mybatis.spring.mapper.ClassPathMapperScanner - Skipping MapperFactoryBean with name 'demoMapper' and 'net.begincode.core.mapper.DemoMapper' mapperInterface. Bean already defined with the same name!
19:42:00.448 [main] WARN  org.mybatis.spring.mapper.ClassPathMapperScanner - Skipping MapperFactoryBean with name 'labelMapper' and 'net.begincode.core.mapper.LabelMapper' mapperInterface. Bean already defined with the same name!
19:42:00.449 [main] WARN  org.mybatis.spring.mapper.ClassPathMapperScanner - Skipping MapperFactoryBean with name 'messageMapper' and 'net.begincode.core.mapper.MessageMapper' mapperInterface. Bean already defined with the same name!
19:42:00.449 [main] WARN  org.mybatis.spring.mapper.ClassPathMapperScanner - Skipping MapperFactoryBean with name 'proAttentionMapper' and 'net.begincode.core.mapper.ProAttentionMapper' mapperInterface. Bean already defined with the same name!
19:42:00.449 [main] WARN  org.mybatis.spring.mapper.ClassPathMapperScanner - Skipping MapperFactoryBean with name 'problemLabelMapper' and 'net.begincode.core.mapper.ProblemLabelMapper' mapperInterface. Bean already defined with the same name!
19:42:00.450 [main] WARN  org.mybatis.spring.mapper.ClassPathMapperScanner - Skipping MapperFactoryBean with name 'problemMapper' and 'net.begincode.core.mapper.ProblemMapper' mapperInterface. Bean already defined with the same name!
19:42:00.450 [main] WARN  org.mybatis.spring.mapper.ClassPathMapperScanner - No MyBatis mapper was found in '[net.begincode.core.mapper]' package. Please check your configuration.
19:42:00.823 [main] ERROR com.alibaba.druid.pool.DruidAbstractDataSource - maxIdle is deprecated
19:49:24.184 [main] WARN  org.mybatis.spring.mapper.ClassPathMapperScanner - Skipping MapperFactoryBean with name 'ansAgreeMapper' and 'net.begincode.core.mapper.AnsAgreeMapper' mapperInterface. Bean already defined with the same name!
19:49:24.185 [main] WARN  org.mybatis.spring.mapper.ClassPathMapperScanner - Skipping MapperFactoryBean with name 'answerMapper' and 'net.begincode.core.mapper.AnswerMapper' mapperInterface. Bean already defined with the same name!
19:49:24.185 [main] WARN  org.mybatis.spring.mapper.ClassPathMapperScanner - Skipping MapperFactoryBean with name 'begincodeUserMapper' and 'net.begincode.core.mapper.BegincodeUserMapper' mapperInterface. Bean already defined with the same name!
19:49:24.185 [main] WARN  org.mybatis.spring.mapper.ClassPathMapperScanner - Skipping MapperFactoryBean with name 'demoMapper' and 'net.begincode.core.mapper.DemoMapper' mapperInterface. Bean already defined with the same name!
19:49:24.185 [main] WARN  org.mybatis.spring.mapper.ClassPathMapperScanner - Skipping MapperFactoryBean with name 'labelMapper' and 'net.begincode.core.mapper.LabelMapper' mapperInterface. Bean already defined with the same name!
19:49:24.185 [main] WARN  org.mybatis.spring.mapper.ClassPathMapperScanner - Skipping MapperFactoryBean with name 'messageMapper' and 'net.begincode.core.mapper.MessageMapper' mapperInterface. Bean already defined with the same name!
19:49:24.185 [main] WARN  org.mybatis.spring.mapper.ClassPathMapperScanner - Skipping MapperFactoryBean with name 'proAttentionMapper' and 'net.begincode.core.mapper.ProAttentionMapper' mapperInterface. Bean already defined with the same name!
19:49:24.186 [main] WARN  org.mybatis.spring.mapper.ClassPathMapperScanner - Skipping MapperFactoryBean with name 'problemLabelMapper' and 'net.begincode.core.mapper.ProblemLabelMapper' mapperInterface. Bean already defined with the same name!
19:49:24.186 [main] WARN  org.mybatis.spring.mapper.ClassPathMapperScanner - Skipping MapperFactoryBean with name 'problemMapper' and 'net.begincode.core.mapper.ProblemMapper' mapperInterface. Bean already defined with the same name!
19:49:24.186 [main] WARN  org.mybatis.spring.mapper.ClassPathMapperScanner - No MyBatis mapper was found in '[net.begincode.core.mapper]' package. Please check your configuration.
19:49:24.865 [main] ERROR com.alibaba.druid.pool.DruidAbstractDataSource - maxIdle is deprecated
19:53:56.503 [main] WARN  org.mybatis.spring.mapper.ClassPathMapperScanner - Skipping MapperFactoryBean with name 'ansAgreeMapper' and 'net.begincode.core.mapper.AnsAgreeMapper' mapperInterface. Bean already defined with the same name!
19:53:56.504 [main] WARN  org.mybatis.spring.mapper.ClassPathMapperScanner - Skipping MapperFactoryBean with name 'answerMapper' and 'net.begincode.core.mapper.AnswerMapper' mapperInterface. Bean already defined with the same name!
19:53:56.504 [main] WARN  org.mybatis.spring.mapper.ClassPathMapperScanner - Skipping MapperFactoryBean with name 'begincodeUserMapper' and 'net.begincode.core.mapper.BegincodeUserMapper' mapperInterface. Bean already defined with the same name!
19:53:56.505 [main] WARN  org.mybatis.spring.mapper.ClassPathMapperScanner - Skipping MapperFactoryBean with name 'demoMapper' and 'net.begincode.core.mapper.DemoMapper' mapperInterface. Bean already defined with the same name!
19:53:56.505 [main] WARN  org.mybatis.spring.mapper.ClassPathMapperScanner - Skipping MapperFactoryBean with name 'labelMapper' and 'net.begincode.core.mapper.LabelMapper' mapperInterface. Bean already defined with the same name!
19:53:56.505 [main] WARN  org.mybatis.spring.mapper.ClassPathMapperScanner - Skipping MapperFactoryBean with name 'messageMapper' and 'net.begincode.core.mapper.MessageMapper' mapperInterface. Bean already defined with the same name!
19:53:56.505 [main] WARN  org.mybatis.spring.mapper.ClassPathMapperScanner - Skipping MapperFactoryBean with name 'proAttentionMapper' and 'net.begincode.core.mapper.ProAttentionMapper' mapperInterface. Bean already defined with the same name!
19:53:56.505 [main] WARN  org.mybatis.spring.mapper.ClassPathMapperScanner - Skipping MapperFactoryBean with name 'problemLabelMapper' and 'net.begincode.core.mapper.ProblemLabelMapper' mapperInterface. Bean already defined with the same name!
19:53:56.505 [main] WARN  org.mybatis.spring.mapper.ClassPathMapperScanner - Skipping MapperFactoryBean with name 'problemMapper' and 'net.begincode.core.mapper.ProblemMapper' mapperInterface. Bean already defined with the same name!
19:53:56.506 [main] WARN  org.mybatis.spring.mapper.ClassPathMapperScanner - No MyBatis mapper was found in '[net.begincode.core.mapper]' package. Please check your configuration.
19:53:57.136 [main] ERROR com.alibaba.druid.pool.DruidAbstractDataSource - maxIdle is deprecated
19:57:19.757 [main] WARN  org.mybatis.spring.mapper.ClassPathMapperScanner - Skipping MapperFactoryBean with name 'ansAgreeMapper' and 'net.begincode.core.mapper.AnsAgreeMapper' mapperInterface. Bean already defined with the same name!
19:57:19.757 [main] WARN  org.mybatis.spring.mapper.ClassPathMapperScanner - Skipping MapperFactoryBean with name 'answerMapper' and 'net.begincode.core.mapper.AnswerMapper' mapperInterface. Bean already defined with the same name!
19:57:19.758 [main] WARN  org.mybatis.spring.mapper.ClassPathMapperScanner - Skipping MapperFactoryBean with name 'begincodeUserMapper' and 'net.begincode.core.mapper.BegincodeUserMapper' mapperInterface. Bean already defined with the same name!
19:57:19.758 [main] WARN  org.mybatis.spring.mapper.ClassPathMapperScanner - Skipping MapperFactoryBean with name 'demoMapper' and 'net.begincode.core.mapper.DemoMapper' mapperInterface. Bean already defined with the same name!
19:57:19.758 [main] WARN  org.mybatis.spring.mapper.ClassPathMapperScanner - Skipping MapperFactoryBean with name 'labelMapper' and 'net.begincode.core.mapper.LabelMapper' mapperInterface. Bean already defined with the same name!
19:57:19.758 [main] WARN  org.mybatis.spring.mapper.ClassPathMapperScanner - Skipping MapperFactoryBean with name 'messageMapper' and 'net.begincode.core.mapper.MessageMapper' mapperInterface. Bean already defined with the same name!
19:57:19.759 [main] WARN  org.mybatis.spring.mapper.ClassPathMapperScanner - Skipping MapperFactoryBean with name 'proAttentionMapper' and 'net.begincode.core.mapper.ProAttentionMapper' mapperInterface. Bean already defined with the same name!
19:57:19.759 [main] WARN  org.mybatis.spring.mapper.ClassPathMapperScanner - Skipping MapperFactoryBean with name 'problemLabelMapper' and 'net.begincode.core.mapper.ProblemLabelMapper' mapperInterface. Bean already defined with the same name!
19:57:19.759 [main] WARN  org.mybatis.spring.mapper.ClassPathMapperScanner - Skipping MapperFactoryBean with name 'problemMapper' and 'net.begincode.core.mapper.ProblemMapper' mapperInterface. Bean already defined with the same name!
19:57:19.759 [main] WARN  org.mybatis.spring.mapper.ClassPathMapperScanner - No MyBatis mapper was found in '[net.begincode.core.mapper]' package. Please check your configuration.
19:57:20.379 [main] ERROR com.alibaba.druid.pool.DruidAbstractDataSource - maxIdle is deprecated
19:59:54.699 [main] WARN  org.mybatis.spring.mapper.ClassPathMapperScanner - Skipping MapperFactoryBean with name 'ansAgreeMapper' and 'net.begincode.core.mapper.AnsAgreeMapper' mapperInterface. Bean already defined with the same name!
19:59:54.699 [main] WARN  org.mybatis.spring.mapper.ClassPathMapperScanner - Skipping MapperFactoryBean with name 'answerMapper' and 'net.begincode.core.mapper.AnswerMapper' mapperInterface. Bean already defined with the same name!
19:59:54.699 [main] WARN  org.mybatis.spring.mapper.ClassPathMapperScanner - Skipping MapperFactoryBean with name 'begincodeUserMapper' and 'net.begincode.core.mapper.BegincodeUserMapper' mapperInterface. Bean already defined with the same name!
19:59:54.699 [main] WARN  org.mybatis.spring.mapper.ClassPathMapperScanner - Skipping MapperFactoryBean with name 'demoMapper' and 'net.begincode.core.mapper.DemoMapper' mapperInterface. Bean already defined with the same name!
19:59:54.700 [main] WARN  org.mybatis.spring.mapper.ClassPathMapperScanner - Skipping MapperFactoryBean with name 'labelMapper' and 'net.begincode.core.mapper.LabelMapper' mapperInterface. Bean already defined with the same name!
19:59:54.700 [main] WARN  org.mybatis.spring.mapper.ClassPathMapperScanner - Skipping MapperFactoryBean with name 'messageMapper' and 'net.begincode.core.mapper.MessageMapper' mapperInterface. Bean already defined with the same name!
19:59:54.700 [main] WARN  org.mybatis.spring.mapper.ClassPathMapperScanner - Skipping MapperFactoryBean with name 'proAttentionMapper' and 'net.begincode.core.mapper.ProAttentionMapper' mapperInterface. Bean already defined with the same name!
19:59:54.700 [main] WARN  org.mybatis.spring.mapper.ClassPathMapperScanner - Skipping MapperFactoryBean with name 'problemLabelMapper' and 'net.begincode.core.mapper.ProblemLabelMapper' mapperInterface. Bean already defined with the same name!
19:59:54.700 [main] WARN  org.mybatis.spring.mapper.ClassPathMapperScanner - Skipping MapperFactoryBean with name 'problemMapper' and 'net.begincode.core.mapper.ProblemMapper' mapperInterface. Bean already defined with the same name!
19:59:54.700 [main] WARN  org.mybatis.spring.mapper.ClassPathMapperScanner - No MyBatis mapper was found in '[net.begincode.core.mapper]' package. Please check your configuration.
19:59:55.228 [main] ERROR com.alibaba.druid.pool.DruidAbstractDataSource - maxIdle is deprecated
20:00:27.479 [main] WARN  org.mybatis.spring.mapper.ClassPathMapperScanner - Skipping MapperFactoryBean with name 'ansAgreeMapper' and 'net.begincode.core.mapper.AnsAgreeMapper' mapperInterface. Bean already defined with the same name!
20:00:27.480 [main] WARN  org.mybatis.spring.mapper.ClassPathMapperScanner - Skipping MapperFactoryBean with name 'answerMapper' and 'net.begincode.core.mapper.AnswerMapper' mapperInterface. Bean already defined with the same name!
20:00:27.480 [main] WARN  org.mybatis.spring.mapper.ClassPathMapperScanner - Skipping MapperFactoryBean with name 'begincodeUserMapper' and 'net.begincode.core.mapper.BegincodeUserMapper' mapperInterface. Bean already defined with the same name!
20:00:27.480 [main] WARN  org.mybatis.spring.mapper.ClassPathMapperScanner - Skipping MapperFactoryBean with name 'demoMapper' and 'net.begincode.core.mapper.DemoMapper' mapperInterface. Bean already defined with the same name!
20:00:27.481 [main] WARN  org.mybatis.spring.mapper.ClassPathMapperScanner - Skipping MapperFactoryBean with name 'labelMapper' and 'net.begincode.core.mapper.LabelMapper' mapperInterface. Bean already defined with the same name!
20:00:27.481 [main] WARN  org.mybatis.spring.mapper.ClassPathMapperScanner - Skipping MapperFactoryBean with name 'messageMapper' and 'net.begincode.core.mapper.MessageMapper' mapperInterface. Bean already defined with the same name!
20:00:27.481 [main] WARN  org.mybatis.spring.mapper.ClassPathMapperScanner - Skipping MapperFactoryBean with name 'proAttentionMapper' and 'net.begincode.core.mapper.ProAttentionMapper' mapperInterface. Bean already defined with the same name!
20:00:27.481 [main] WARN  org.mybatis.spring.mapper.ClassPathMapperScanner - Skipping MapperFactoryBean with name 'problemLabelMapper' and 'net.begincode.core.mapper.ProblemLabelMapper' mapperInterface. Bean already defined with the same name!
20:00:27.481 [main] WARN  org.mybatis.spring.mapper.ClassPathMapperScanner - Skipping MapperFactoryBean with name 'problemMapper' and 'net.begincode.core.mapper.ProblemMapper' mapperInterface. Bean already defined with the same name!
20:00:27.482 [main] WARN  org.mybatis.spring.mapper.ClassPathMapperScanner - No MyBatis mapper was found in '[net.begincode.core.mapper]' package. Please check your configuration.
20:00:28.018 [main] ERROR com.alibaba.druid.pool.DruidAbstractDataSource - maxIdle is deprecated
20:08:25.371 [main] WARN  org.mybatis.spring.mapper.ClassPathMapperScanner - Skipping MapperFactoryBean with name 'ansAgreeMapper' and 'net.begincode.core.mapper.AnsAgreeMapper' mapperInterface. Bean already defined with the same name!
20:08:25.371 [main] WARN  org.mybatis.spring.mapper.ClassPathMapperScanner - Skipping MapperFactoryBean with name 'answerMapper' and 'net.begincode.core.mapper.AnswerMapper' mapperInterface. Bean already defined with the same name!
20:08:25.372 [main] WARN  org.mybatis.spring.mapper.ClassPathMapperScanner - Skipping MapperFactoryBean with name 'begincodeUserMapper' and 'net.begincode.core.mapper.BegincodeUserMapper' mapperInterface. Bean already defined with the same name!
20:08:25.372 [main] WARN  org.mybatis.spring.mapper.ClassPathMapperScanner - Skipping MapperFactoryBean with name 'demoMapper' and 'net.begincode.core.mapper.DemoMapper' mapperInterface. Bean already defined with the same name!
20:08:25.372 [main] WARN  org.mybatis.spring.mapper.ClassPathMapperScanner - Skipping MapperFactoryBean with name 'labelMapper' and 'net.begincode.core.mapper.LabelMapper' mapperInterface. Bean already defined with the same name!
20:08:25.372 [main] WARN  org.mybatis.spring.mapper.ClassPathMapperScanner - Skipping MapperFactoryBean with name 'messageMapper' and 'net.begincode.core.mapper.MessageMapper' mapperInterface. Bean already defined with the same name!
20:08:25.373 [main] WARN  org.mybatis.spring.mapper.ClassPathMapperScanner - Skipping MapperFactoryBean with name 'proAttentionMapper' and 'net.begincode.core.mapper.ProAttentionMapper' mapperInterface. Bean already defined with the same name!
20:08:25.373 [main] WARN  org.mybatis.spring.mapper.ClassPathMapperScanner - Skipping MapperFactoryBean with name 'problemLabelMapper' and 'net.begincode.core.mapper.ProblemLabelMapper' mapperInterface. Bean already defined with the same name!
20:08:25.374 [main] WARN  org.mybatis.spring.mapper.ClassPathMapperScanner - Skipping MapperFactoryBean with name 'problemMapper' and 'net.begincode.core.mapper.ProblemMapper' mapperInterface. Bean already defined with the same name!
20:08:25.374 [main] WARN  org.mybatis.spring.mapper.ClassPathMapperScanner - No MyBatis mapper was found in '[net.begincode.core.mapper]' package. Please check your configuration.
20:08:25.955 [main] ERROR com.alibaba.druid.pool.DruidAbstractDataSource - maxIdle is deprecated
20:33:50.353 [main] WARN  org.mybatis.spring.mapper.ClassPathMapperScanner - Skipping MapperFactoryBean with name 'ansAgreeMapper' and 'net.begincode.core.mapper.AnsAgreeMapper' mapperInterface. Bean already defined with the same name!
20:33:50.353 [main] WARN  org.mybatis.spring.mapper.ClassPathMapperScanner - Skipping MapperFactoryBean with name 'answerMapper' and 'net.begincode.core.mapper.AnswerMapper' mapperInterface. Bean already defined with the same name!
20:33:50.354 [main] WARN  org.mybatis.spring.mapper.ClassPathMapperScanner - Skipping MapperFactoryBean with name 'begincodeUserMapper' and 'net.begincode.core.mapper.BegincodeUserMapper' mapperInterface. Bean already defined with the same name!
20:33:50.354 [main] WARN  org.mybatis.spring.mapper.ClassPathMapperScanner - Skipping MapperFactoryBean with name 'demoMapper' and 'net.begincode.core.mapper.DemoMapper' mapperInterface. Bean already defined with the same name!
20:33:50.354 [main] WARN  org.mybatis.spring.mapper.ClassPathMapperScanner - Skipping MapperFactoryBean with name 'labelMapper' and 'net.begincode.core.mapper.LabelMapper' mapperInterface. Bean already defined with the same name!
20:33:50.354 [main] WARN  org.mybatis.spring.mapper.ClassPathMapperScanner - Skipping MapperFactoryBean with name 'messageMapper' and 'net.begincode.core.mapper.MessageMapper' mapperInterface. Bean already defined with the same name!
20:33:50.354 [main] WARN  org.mybatis.spring.mapper.ClassPathMapperScanner - Skipping MapperFactoryBean with name 'proAttentionMapper' and 'net.begincode.core.mapper.ProAttentionMapper' mapperInterface. Bean already defined with the same name!
20:33:50.354 [main] WARN  org.mybatis.spring.mapper.ClassPathMapperScanner - Skipping MapperFactoryBean with name 'problemLabelMapper' and 'net.begincode.core.mapper.ProblemLabelMapper' mapperInterface. Bean already defined with the same name!
20:33:50.355 [main] WARN  org.mybatis.spring.mapper.ClassPathMapperScanner - Skipping MapperFactoryBean with name 'problemMapper' and 'net.begincode.core.mapper.ProblemMapper' mapperInterface. Bean already defined with the same name!
20:33:50.355 [main] WARN  org.mybatis.spring.mapper.ClassPathMapperScanner - No MyBatis mapper was found in '[net.begincode.core.mapper]' package. Please check your configuration.
20:33:50.946 [main] ERROR com.alibaba.druid.pool.DruidAbstractDataSource - maxIdle is deprecated
20:34:14.690 [main] WARN  org.mybatis.spring.mapper.ClassPathMapperScanner - Skipping MapperFactoryBean with name 'ansAgreeMapper' and 'net.begincode.core.mapper.AnsAgreeMapper' mapperInterface. Bean already defined with the same name!
20:34:14.691 [main] WARN  org.mybatis.spring.mapper.ClassPathMapperScanner - Skipping MapperFactoryBean with name 'answerMapper' and 'net.begincode.core.mapper.AnswerMapper' mapperInterface. Bean already defined with the same name!
20:34:14.691 [main] WARN  org.mybatis.spring.mapper.ClassPathMapperScanner - Skipping MapperFactoryBean with name 'begincodeUserMapper' and 'net.begincode.core.mapper.BegincodeUserMapper' mapperInterface. Bean already defined with the same name!
20:34:14.691 [main] WARN  org.mybatis.spring.mapper.ClassPathMapperScanner - Skipping MapperFactoryBean with name 'demoMapper' and 'net.begincode.core.mapper.DemoMapper' mapperInterface. Bean already defined with the same name!
20:34:14.691 [main] WARN  org.mybatis.spring.mapper.ClassPathMapperScanner - Skipping MapperFactoryBean with name 'labelMapper' and 'net.begincode.core.mapper.LabelMapper' mapperInterface. Bean already defined with the same name!
20:34:14.691 [main] WARN  org.mybatis.spring.mapper.ClassPathMapperScanner - Skipping MapperFactoryBean with name 'messageMapper' and 'net.begincode.core.mapper.MessageMapper' mapperInterface. Bean already defined with the same name!
20:34:14.692 [main] WARN  org.mybatis.spring.mapper.ClassPathMapperScanner - Skipping MapperFactoryBean with name 'proAttentionMapper' and 'net.begincode.core.mapper.ProAttentionMapper' mapperInterface. Bean already defined with the same name!
20:34:14.692 [main] WARN  org.mybatis.spring.mapper.ClassPathMapperScanner - Skipping MapperFactoryBean with name 'problemLabelMapper' and 'net.begincode.core.mapper.ProblemLabelMapper' mapperInterface. Bean already defined with the same name!
20:34:14.692 [main] WARN  org.mybatis.spring.mapper.ClassPathMapperScanner - Skipping MapperFactoryBean with name 'problemMapper' and 'net.begincode.core.mapper.ProblemMapper' mapperInterface. Bean already defined with the same name!
20:34:14.692 [main] WARN  org.mybatis.spring.mapper.ClassPathMapperScanner - No MyBatis mapper was found in '[net.begincode.core.mapper]' package. Please check your configuration.
20:34:15.290 [main] ERROR com.alibaba.druid.pool.DruidAbstractDataSource - maxIdle is deprecated
20:34:43.559 [main] WARN  org.mybatis.spring.mapper.ClassPathMapperScanner - Skipping MapperFactoryBean with name 'ansAgreeMapper' and 'net.begincode.core.mapper.AnsAgreeMapper' mapperInterface. Bean already defined with the same name!
20:34:43.560 [main] WARN  org.mybatis.spring.mapper.ClassPathMapperScanner - Skipping MapperFactoryBean with name 'answerMapper' and 'net.begincode.core.mapper.AnswerMapper' mapperInterface. Bean already defined with the same name!
20:34:43.560 [main] WARN  org.mybatis.spring.mapper.ClassPathMapperScanner - Skipping MapperFactoryBean with name 'begincodeUserMapper' and 'net.begincode.core.mapper.BegincodeUserMapper' mapperInterface. Bean already defined with the same name!
20:34:43.560 [main] WARN  org.mybatis.spring.mapper.ClassPathMapperScanner - Skipping MapperFactoryBean with name 'demoMapper' and 'net.begincode.core.mapper.DemoMapper' mapperInterface. Bean already defined with the same name!
20:34:43.561 [main] WARN  org.mybatis.spring.mapper.ClassPathMapperScanner - Skipping MapperFactoryBean with name 'labelMapper' and 'net.begincode.core.mapper.LabelMapper' mapperInterface. Bean already defined with the same name!
20:34:43.561 [main] WARN  org.mybatis.spring.mapper.ClassPathMapperScanner - Skipping MapperFactoryBean with name 'messageMapper' and 'net.begincode.core.mapper.MessageMapper' mapperInterface. Bean already defined with the same name!
20:34:43.561 [main] WARN  org.mybatis.spring.mapper.ClassPathMapperScanner - Skipping MapperFactoryBean with name 'proAttentionMapper' and 'net.begincode.core.mapper.ProAttentionMapper' mapperInterface. Bean already defined with the same name!
20:34:43.561 [main] WARN  org.mybatis.spring.mapper.ClassPathMapperScanner - Skipping MapperFactoryBean with name 'problemLabelMapper' and 'net.begincode.core.mapper.ProblemLabelMapper' mapperInterface. Bean already defined with the same name!
20:34:43.561 [main] WARN  org.mybatis.spring.mapper.ClassPathMapperScanner - Skipping MapperFactoryBean with name 'problemMapper' and 'net.begincode.core.mapper.ProblemMapper' mapperInterface. Bean already defined with the same name!
20:34:43.562 [main] WARN  org.mybatis.spring.mapper.ClassPathMapperScanner - No MyBatis mapper was found in '[net.begincode.core.mapper]' package. Please check your configuration.
20:34:44.117 [main] ERROR com.alibaba.druid.pool.DruidAbstractDataSource - maxIdle is deprecated
20:35:28.986 [main] WARN  org.mybatis.spring.mapper.ClassPathMapperScanner - Skipping MapperFactoryBean with name 'ansAgreeMapper' and 'net.begincode.core.mapper.AnsAgreeMapper' mapperInterface. Bean already defined with the same name!
20:35:28.987 [main] WARN  org.mybatis.spring.mapper.ClassPathMapperScanner - Skipping MapperFactoryBean with name 'answerMapper' and 'net.begincode.core.mapper.AnswerMapper' mapperInterface. Bean already defined with the same name!
20:35:28.987 [main] WARN  org.mybatis.spring.mapper.ClassPathMapperScanner - Skipping MapperFactoryBean with name 'begincodeUserMapper' and 'net.begincode.core.mapper.BegincodeUserMapper' mapperInterface. Bean already defined with the same name!
20:35:28.987 [main] WARN  org.mybatis.spring.mapper.ClassPathMapperScanner - Skipping MapperFactoryBean with name 'demoMapper' and 'net.begincode.core.mapper.DemoMapper' mapperInterface. Bean already defined with the same name!
20:35:28.987 [main] WARN  org.mybatis.spring.mapper.ClassPathMapperScanner - Skipping MapperFactoryBean with name 'labelMapper' and 'net.begincode.core.mapper.LabelMapper' mapperInterface. Bean already defined with the same name!
20:35:28.987 [main] WARN  org.mybatis.spring.mapper.ClassPathMapperScanner - Skipping MapperFactoryBean with name 'messageMapper' and 'net.begincode.core.mapper.MessageMapper' mapperInterface. Bean already defined with the same name!
20:35:28.988 [main] WARN  org.mybatis.spring.mapper.ClassPathMapperScanner - Skipping MapperFactoryBean with name 'proAttentionMapper' and 'net.begincode.core.mapper.ProAttentionMapper' mapperInterface. Bean already defined with the same name!
20:35:28.988 [main] WARN  org.mybatis.spring.mapper.ClassPathMapperScanner - Skipping MapperFactoryBean with name 'problemLabelMapper' and 'net.begincode.core.mapper.ProblemLabelMapper' mapperInterface. Bean already defined with the same name!
20:35:28.988 [main] WARN  org.mybatis.spring.mapper.ClassPathMapperScanner - Skipping MapperFactoryBean with name 'problemMapper' and 'net.begincode.core.mapper.ProblemMapper' mapperInterface. Bean already defined with the same name!
20:35:28.988 [main] WARN  org.mybatis.spring.mapper.ClassPathMapperScanner - No MyBatis mapper was found in '[net.begincode.core.mapper]' package. Please check your configuration.
20:35:29.588 [main] ERROR com.alibaba.druid.pool.DruidAbstractDataSource - maxIdle is deprecated
20:37:45.453 [main] WARN  org.mybatis.spring.mapper.ClassPathMapperScanner - Skipping MapperFactoryBean with name 'ansAgreeMapper' and 'net.begincode.core.mapper.AnsAgreeMapper' mapperInterface. Bean already defined with the same name!
20:37:45.453 [main] WARN  org.mybatis.spring.mapper.ClassPathMapperScanner - Skipping MapperFactoryBean with name 'answerMapper' and 'net.begincode.core.mapper.AnswerMapper' mapperInterface. Bean already defined with the same name!
20:37:45.453 [main] WARN  org.mybatis.spring.mapper.ClassPathMapperScanner - Skipping MapperFactoryBean with name 'begincodeUserMapper' and 'net.begincode.core.mapper.BegincodeUserMapper' mapperInterface. Bean already defined with the same name!
20:37:45.454 [main] WARN  org.mybatis.spring.mapper.ClassPathMapperScanner - Skipping MapperFactoryBean with name 'demoMapper' and 'net.begincode.core.mapper.DemoMapper' mapperInterface. Bean already defined with the same name!
20:37:45.455 [main] WARN  org.mybatis.spring.mapper.ClassPathMapperScanner - Skipping MapperFactoryBean with name 'labelMapper' and 'net.begincode.core.mapper.LabelMapper' mapperInterface. Bean already defined with the same name!
20:37:45.455 [main] WARN  org.mybatis.spring.mapper.ClassPathMapperScanner - Skipping MapperFactoryBean with name 'messageMapper' and 'net.begincode.core.mapper.MessageMapper' mapperInterface. Bean already defined with the same name!
20:37:45.455 [main] WARN  org.mybatis.spring.mapper.ClassPathMapperScanner - Skipping MapperFactoryBean with name 'proAttentionMapper' and 'net.begincode.core.mapper.ProAttentionMapper' mapperInterface. Bean already defined with the same name!
20:37:45.455 [main] WARN  org.mybatis.spring.mapper.ClassPathMapperScanner - Skipping MapperFactoryBean with name 'problemLabelMapper' and 'net.begincode.core.mapper.ProblemLabelMapper' mapperInterface. Bean already defined with the same name!
20:37:45.455 [main] WARN  org.mybatis.spring.mapper.ClassPathMapperScanner - Skipping MapperFactoryBean with name 'problemMapper' and 'net.begincode.core.mapper.ProblemMapper' mapperInterface. Bean already defined with the same name!
20:37:45.455 [main] WARN  org.mybatis.spring.mapper.ClassPathMapperScanner - No MyBatis mapper was found in '[net.begincode.core.mapper]' package. Please check your configuration.
20:37:46.097 [main] ERROR com.alibaba.druid.pool.DruidAbstractDataSource - maxIdle is deprecated
20:37:50.296 [main] WARN  com.alibaba.druid.pool.DruidDataSource - not full timeout retry : 1
20:38:32.329 [main] WARN  org.mybatis.spring.mapper.ClassPathMapperScanner - Skipping MapperFactoryBean with name 'ansAgreeMapper' and 'net.begincode.core.mapper.AnsAgreeMapper' mapperInterface. Bean already defined with the same name!
20:38:32.330 [main] WARN  org.mybatis.spring.mapper.ClassPathMapperScanner - Skipping MapperFactoryBean with name 'answerMapper' and 'net.begincode.core.mapper.AnswerMapper' mapperInterface. Bean already defined with the same name!
20:38:32.331 [main] WARN  org.mybatis.spring.mapper.ClassPathMapperScanner - Skipping MapperFactoryBean with name 'begincodeUserMapper' and 'net.begincode.core.mapper.BegincodeUserMapper' mapperInterface. Bean already defined with the same name!
20:38:32.332 [main] WARN  org.mybatis.spring.mapper.ClassPathMapperScanner - Skipping MapperFactoryBean with name 'demoMapper' and 'net.begincode.core.mapper.DemoMapper' mapperInterface. Bean already defined with the same name!
20:38:32.333 [main] WARN  org.mybatis.spring.mapper.ClassPathMapperScanner - Skipping MapperFactoryBean with name 'labelMapper' and 'net.begincode.core.mapper.LabelMapper' mapperInterface. Bean already defined with the same name!
20:38:32.333 [main] WARN  org.mybatis.spring.mapper.ClassPathMapperScanner - Skipping MapperFactoryBean with name 'messageMapper' and 'net.begincode.core.mapper.MessageMapper' mapperInterface. Bean already defined with the same name!
20:38:32.334 [main] WARN  org.mybatis.spring.mapper.ClassPathMapperScanner - Skipping MapperFactoryBean with name 'proAttentionMapper' and 'net.begincode.core.mapper.ProAttentionMapper' mapperInterface. Bean already defined with the same name!
20:38:32.334 [main] WARN  org.mybatis.spring.mapper.ClassPathMapperScanner - Skipping MapperFactoryBean with name 'problemLabelMapper' and 'net.begincode.core.mapper.ProblemLabelMapper' mapperInterface. Bean already defined with the same name!
20:38:32.334 [main] WARN  org.mybatis.spring.mapper.ClassPathMapperScanner - Skipping MapperFactoryBean with name 'problemMapper' and 'net.begincode.core.mapper.ProblemMapper' mapperInterface. Bean already defined with the same name!
20:38:32.335 [main] WARN  org.mybatis.spring.mapper.ClassPathMapperScanner - No MyBatis mapper was found in '[net.begincode.core.mapper]' package. Please check your configuration.
20:38:32.987 [main] ERROR com.alibaba.druid.pool.DruidAbstractDataSource - maxIdle is deprecated
20:41:45.110 [main] WARN  org.mybatis.spring.mapper.ClassPathMapperScanner - Skipping MapperFactoryBean with name 'ansAgreeMapper' and 'net.begincode.core.mapper.AnsAgreeMapper' mapperInterface. Bean already defined with the same name!
20:41:45.110 [main] WARN  org.mybatis.spring.mapper.ClassPathMapperScanner - Skipping MapperFactoryBean with name 'answerMapper' and 'net.begincode.core.mapper.AnswerMapper' mapperInterface. Bean already defined with the same name!
20:41:45.110 [main] WARN  org.mybatis.spring.mapper.ClassPathMapperScanner - Skipping MapperFactoryBean with name 'begincodeUserMapper' and 'net.begincode.core.mapper.BegincodeUserMapper' mapperInterface. Bean already defined with the same name!
20:41:45.111 [main] WARN  org.mybatis.spring.mapper.ClassPathMapperScanner - Skipping MapperFactoryBean with name 'demoMapper' and 'net.begincode.core.mapper.DemoMapper' mapperInterface. Bean already defined with the same name!
20:41:45.111 [main] WARN  org.mybatis.spring.mapper.ClassPathMapperScanner - Skipping MapperFactoryBean with name 'labelMapper' and 'net.begincode.core.mapper.LabelMapper' mapperInterface. Bean already defined with the same name!
20:41:45.111 [main] WARN  org.mybatis.spring.mapper.ClassPathMapperScanner - Skipping MapperFactoryBean with name 'messageMapper' and 'net.begincode.core.mapper.MessageMapper' mapperInterface. Bean already defined with the same name!
20:41:45.111 [main] WARN  org.mybatis.spring.mapper.ClassPathMapperScanner - Skipping MapperFactoryBean with name 'proAttentionMapper' and 'net.begincode.core.mapper.ProAttentionMapper' mapperInterface. Bean already defined with the same name!
20:41:45.111 [main] WARN  org.mybatis.spring.mapper.ClassPathMapperScanner - Skipping MapperFactoryBean with name 'problemLabelMapper' and 'net.begincode.core.mapper.ProblemLabelMapper' mapperInterface. Bean already defined with the same name!
20:41:45.111 [main] WARN  org.mybatis.spring.mapper.ClassPathMapperScanner - Skipping MapperFactoryBean with name 'problemMapper' and 'net.begincode.core.mapper.ProblemMapper' mapperInterface. Bean already defined with the same name!
20:41:45.112 [main] WARN  org.mybatis.spring.mapper.ClassPathMapperScanner - No MyBatis mapper was found in '[net.begincode.core.mapper]' package. Please check your configuration.
20:41:45.725 [main] ERROR com.alibaba.druid.pool.DruidAbstractDataSource - maxIdle is deprecated
20:42:37.229 [main] WARN  org.mybatis.spring.mapper.ClassPathMapperScanner - Skipping MapperFactoryBean with name 'ansAgreeMapper' and 'net.begincode.core.mapper.AnsAgreeMapper' mapperInterface. Bean already defined with the same name!
20:42:37.229 [main] WARN  org.mybatis.spring.mapper.ClassPathMapperScanner - Skipping MapperFactoryBean with name 'answerMapper' and 'net.begincode.core.mapper.AnswerMapper' mapperInterface. Bean already defined with the same name!
20:42:37.229 [main] WARN  org.mybatis.spring.mapper.ClassPathMapperScanner - Skipping MapperFactoryBean with name 'begincodeUserMapper' and 'net.begincode.core.mapper.BegincodeUserMapper' mapperInterface. Bean already defined with the same name!
20:42:37.229 [main] WARN  org.mybatis.spring.mapper.ClassPathMapperScanner - Skipping MapperFactoryBean with name 'demoMapper' and 'net.begincode.core.mapper.DemoMapper' mapperInterface. Bean already defined with the same name!
20:42:37.229 [main] WARN  org.mybatis.spring.mapper.ClassPathMapperScanner - Skipping MapperFactoryBean with name 'labelMapper' and 'net.begincode.core.mapper.LabelMapper' mapperInterface. Bean already defined with the same name!
20:42:37.230 [main] WARN  org.mybatis.spring.mapper.ClassPathMapperScanner - Skipping MapperFactoryBean with name 'messageMapper' and 'net.begincode.core.mapper.MessageMapper' mapperInterface. Bean already defined with the same name!
20:42:37.230 [main] WARN  org.mybatis.spring.mapper.ClassPathMapperScanner - Skipping MapperFactoryBean with name 'proAttentionMapper' and 'net.begincode.core.mapper.ProAttentionMapper' mapperInterface. Bean already defined with the same name!
20:42:37.230 [main] WARN  org.mybatis.spring.mapper.ClassPathMapperScanner - Skipping MapperFactoryBean with name 'problemLabelMapper' and 'net.begincode.core.mapper.ProblemLabelMapper' mapperInterface. Bean already defined with the same name!
20:42:37.230 [main] WARN  org.mybatis.spring.mapper.ClassPathMapperScanner - Skipping MapperFactoryBean with name 'problemMapper' and 'net.begincode.core.mapper.ProblemMapper' mapperInterface. Bean already defined with the same name!
20:42:37.230 [main] WARN  org.mybatis.spring.mapper.ClassPathMapperScanner - No MyBatis mapper was found in '[net.begincode.core.mapper]' package. Please check your configuration.
20:42:37.778 [main] ERROR com.alibaba.druid.pool.DruidAbstractDataSource - maxIdle is deprecated
