19:21:12.425 [main] WARN  org.mybatis.spring.mapper.ClassPathMapperScanner - Skipping MapperFactoryBean with name 'ansAgreeMapper' and 'net.begincode.core.mapper.AnsAgreeMapper' mapperInterface. Bean already defined with the same name!
19:21:12.433 [main] WARN  org.mybatis.spring.mapper.ClassPathMapperScanner - Skipping MapperFactoryBean with name 'answerMapper' and 'net.begincode.core.mapper.AnswerMapper' mapperInterface. Bean already defined with the same name!
19:21:12.434 [main] WARN  org.mybatis.spring.mapper.ClassPathMapperScanner - Skipping MapperFactoryBean with name 'begincodeUserMapper' and 'net.begincode.core.mapper.BegincodeUserMapper' mapperInterface. Bean already defined with the same name!
19:21:12.434 [main] WARN  org.mybatis.spring.mapper.ClassPathMapperScanner - Skipping MapperFactoryBean with name 'demoMapper' and 'net.begincode.core.mapper.DemoMapper' mapperInterface. Bean already defined with the same name!
19:21:12.435 [main] WARN  org.mybatis.spring.mapper.ClassPathMapperScanner - Skipping MapperFactoryBean with name 'labelMapper' and 'net.begincode.core.mapper.LabelMapper' mapperInterface. Bean already defined with the same name!
19:21:12.435 [main] WARN  org.mybatis.spring.mapper.ClassPathMapperScanner - Skipping MapperFactoryBean with name 'messageMapper' and 'net.begincode.core.mapper.MessageMapper' mapperInterface. Bean already defined with the same name!
19:21:12.435 [main] WARN  org.mybatis.spring.mapper.ClassPathMapperScanner - Skipping MapperFactoryBean with name 'proAttentionMapper' and 'net.begincode.core.mapper.ProAttentionMapper' mapperInterface. Bean already defined with the same name!
19:21:12.435 [main] WARN  org.mybatis.spring.mapper.ClassPathMapperScanner - Skipping MapperFactoryBean with name 'problemLabelMapper' and 'net.begincode.core.mapper.ProblemLabelMapper' mapperInterface. Bean already defined with the same name!
19:21:12.435 [main] WARN  org.mybatis.spring.mapper.ClassPathMapperScanner - Skipping MapperFactoryBean with name 'problemMapper' and 'net.begincode.core.mapper.ProblemMapper' mapperInterface. Bean already defined with the same name!
19:21:12.436 [main] WARN  org.mybatis.spring.mapper.ClassPathMapperScanner - No MyBatis mapper was found in '[net.begincode.core.mapper]' package. Please check your configuration.
19:21:12.676 [main] ERROR com.alibaba.druid.pool.DruidAbstractDataSource - maxIdle is deprecated
21:19:09.567 [main] WARN  org.mybatis.spring.mapper.ClassPathMapperScanner - Skipping MapperFactoryBean with name 'ansAgreeMapper' and 'net.begincode.core.mapper.AnsAgreeMapper' mapperInterface. Bean already defined with the same name!
21:19:09.589 [main] WARN  org.mybatis.spring.mapper.ClassPathMapperScanner - Skipping MapperFactoryBean with name 'answerMapper' and 'net.begincode.core.mapper.AnswerMapper' mapperInterface. Bean already defined with the same name!
21:19:09.590 [main] WARN  org.mybatis.spring.mapper.ClassPathMapperScanner - Skipping MapperFactoryBean with name 'begincodeUserMapper' and 'net.begincode.core.mapper.BegincodeUserMapper' mapperInterface. Bean already defined with the same name!
21:19:09.590 [main] WARN  org.mybatis.spring.mapper.ClassPathMapperScanner - Skipping MapperFactoryBean with name 'demoMapper' and 'net.begincode.core.mapper.DemoMapper' mapperInterface. Bean already defined with the same name!
21:19:09.590 [main] WARN  org.mybatis.spring.mapper.ClassPathMapperScanner - Skipping MapperFactoryBean with name 'labelMapper' and 'net.begincode.core.mapper.LabelMapper' mapperInterface. Bean already defined with the same name!
21:19:09.590 [main] WARN  org.mybatis.spring.mapper.ClassPathMapperScanner - Skipping MapperFactoryBean with name 'messageMapper' and 'net.begincode.core.mapper.MessageMapper' mapperInterface. Bean already defined with the same name!
21:19:09.590 [main] WARN  org.mybatis.spring.mapper.ClassPathMapperScanner - Skipping MapperFactoryBean with name 'proAttentionMapper' and 'net.begincode.core.mapper.ProAttentionMapper' mapperInterface. Bean already defined with the same name!
21:19:09.590 [main] WARN  org.mybatis.spring.mapper.ClassPathMapperScanner - Skipping MapperFactoryBean with name 'problemLabelMapper' and 'net.begincode.core.mapper.ProblemLabelMapper' mapperInterface. Bean already defined with the same name!
21:19:09.591 [main] WARN  org.mybatis.spring.mapper.ClassPathMapperScanner - Skipping MapperFactoryBean with name 'problemMapper' and 'net.begincode.core.mapper.ProblemMapper' mapperInterface. Bean already defined with the same name!
21:19:09.591 [main] WARN  org.mybatis.spring.mapper.ClassPathMapperScanner - No MyBatis mapper was found in '[net.begincode.core.mapper]' package. Please check your configuration.
21:19:09.790 [main] ERROR com.alibaba.druid.pool.DruidAbstractDataSource - maxIdle is deprecated
19:35:55.323 [main] WARN  org.mybatis.spring.mapper.ClassPathMapperScanner - Skipping MapperFactoryBean with name 'ansAgreeMapper' and 'net.begincode.core.mapper.AnsAgreeMapper' mapperInterface. Bean already defined with the same name!
19:35:55.323 [main] WARN  org.mybatis.spring.mapper.ClassPathMapperScanner - Skipping MapperFactoryBean with name 'answerMapper' and 'net.begincode.core.mapper.AnswerMapper' mapperInterface. Bean already defined with the same name!
19:35:55.323 [main] WARN  org.mybatis.spring.mapper.ClassPathMapperScanner - Skipping MapperFactoryBean with name 'begincodeUserMapper' and 'net.begincode.core.mapper.BegincodeUserMapper' mapperInterface. Bean already defined with the same name!
19:35:55.323 [main] WARN  org.mybatis.spring.mapper.ClassPathMapperScanner - Skipping MapperFactoryBean with name 'demoMapper' and 'net.begincode.core.mapper.DemoMapper' mapperInterface. Bean already defined with the same name!
19:35:55.323 [main] WARN  org.mybatis.spring.mapper.ClassPathMapperScanner - Skipping MapperFactoryBean with name 'labelMapper' and 'net.begincode.core.mapper.LabelMapper' mapperInterface. Bean already defined with the same name!
19:35:55.323 [main] WARN  org.mybatis.spring.mapper.ClassPathMapperScanner - Skipping MapperFactoryBean with name 'messageMapper' and 'net.begincode.core.mapper.MessageMapper' mapperInterface. Bean already defined with the same name!
19:35:55.323 [main] WARN  org.mybatis.spring.mapper.ClassPathMapperScanner - Skipping MapperFactoryBean with name 'proAttentionMapper' and 'net.begincode.core.mapper.ProAttentionMapper' mapperInterface. Bean already defined with the same name!
19:35:55.323 [main] WARN  org.mybatis.spring.mapper.ClassPathMapperScanner - Skipping MapperFactoryBean with name 'problemLabelMapper' and 'net.begincode.core.mapper.ProblemLabelMapper' mapperInterface. Bean already defined with the same name!
19:35:55.323 [main] WARN  org.mybatis.spring.mapper.ClassPathMapperScanner - Skipping MapperFactoryBean with name 'problemMapper' and 'net.begincode.core.mapper.ProblemMapper' mapperInterface. Bean already defined with the same name!
19:35:55.323 [main] WARN  org.mybatis.spring.mapper.ClassPathMapperScanner - No MyBatis mapper was found in '[net.begincode.core.mapper]' package. Please check your configuration.
19:35:55.481 [main] ERROR com.alibaba.druid.pool.DruidAbstractDataSource - maxIdle is deprecated
19:37:04.160 [main] WARN  org.mybatis.spring.mapper.ClassPathMapperScanner - Skipping MapperFactoryBean with name 'ansAgreeMapper' and 'net.begincode.core.mapper.AnsAgreeMapper' mapperInterface. Bean already defined with the same name!
19:37:04.160 [main] WARN  org.mybatis.spring.mapper.ClassPathMapperScanner - Skipping MapperFactoryBean with name 'answerMapper' and 'net.begincode.core.mapper.AnswerMapper' mapperInterface. Bean already defined with the same name!
19:37:04.160 [main] WARN  org.mybatis.spring.mapper.ClassPathMapperScanner - Skipping MapperFactoryBean with name 'begincodeUserMapper' and 'net.begincode.core.mapper.BegincodeUserMapper' mapperInterface. Bean already defined with the same name!
19:37:04.160 [main] WARN  org.mybatis.spring.mapper.ClassPathMapperScanner - Skipping MapperFactoryBean with name 'demoMapper' and 'net.begincode.core.mapper.DemoMapper' mapperInterface. Bean already defined with the same name!
19:37:04.160 [main] WARN  org.mybatis.spring.mapper.ClassPathMapperScanner - Skipping MapperFactoryBean with name 'labelMapper' and 'net.begincode.core.mapper.LabelMapper' mapperInterface. Bean already defined with the same name!
19:37:04.161 [main] WARN  org.mybatis.spring.mapper.ClassPathMapperScanner - Skipping MapperFactoryBean with name 'messageMapper' and 'net.begincode.core.mapper.MessageMapper' mapperInterface. Bean already defined with the same name!
19:37:04.161 [main] WARN  org.mybatis.spring.mapper.ClassPathMapperScanner - Skipping MapperFactoryBean with name 'proAttentionMapper' and 'net.begincode.core.mapper.ProAttentionMapper' mapperInterface. Bean already defined with the same name!
19:37:04.161 [main] WARN  org.mybatis.spring.mapper.ClassPathMapperScanner - Skipping MapperFactoryBean with name 'problemLabelMapper' and 'net.begincode.core.mapper.ProblemLabelMapper' mapperInterface. Bean already defined with the same name!
19:37:04.161 [main] WARN  org.mybatis.spring.mapper.ClassPathMapperScanner - Skipping MapperFactoryBean with name 'problemMapper' and 'net.begincode.core.mapper.ProblemMapper' mapperInterface. Bean already defined with the same name!
19:37:04.161 [main] WARN  org.mybatis.spring.mapper.ClassPathMapperScanner - No MyBatis mapper was found in '[net.begincode.core.mapper]' package. Please check your configuration.
19:37:04.317 [main] ERROR com.alibaba.druid.pool.DruidAbstractDataSource - maxIdle is deprecated
19:37:22.170 [main] WARN  org.mybatis.spring.mapper.ClassPathMapperScanner - Skipping MapperFactoryBean with name 'ansAgreeMapper' and 'net.begincode.core.mapper.AnsAgreeMapper' mapperInterface. Bean already defined with the same name!
19:37:22.170 [main] WARN  org.mybatis.spring.mapper.ClassPathMapperScanner - Skipping MapperFactoryBean with name 'answerMapper' and 'net.begincode.core.mapper.AnswerMapper' mapperInterface. Bean already defined with the same name!
19:37:22.170 [main] WARN  org.mybatis.spring.mapper.ClassPathMapperScanner - Skipping MapperFactoryBean with name 'begincodeUserMapper' and 'net.begincode.core.mapper.BegincodeUserMapper' mapperInterface. Bean already defined with the same name!
19:37:22.170 [main] WARN  org.mybatis.spring.mapper.ClassPathMapperScanner - Skipping MapperFactoryBean with name 'demoMapper' and 'net.begincode.core.mapper.DemoMapper' mapperInterface. Bean already defined with the same name!
19:37:22.170 [main] WARN  org.mybatis.spring.mapper.ClassPathMapperScanner - Skipping MapperFactoryBean with name 'labelMapper' and 'net.begincode.core.mapper.LabelMapper' mapperInterface. Bean already defined with the same name!
19:37:22.170 [main] WARN  org.mybatis.spring.mapper.ClassPathMapperScanner - Skipping MapperFactoryBean with name 'messageMapper' and 'net.begincode.core.mapper.MessageMapper' mapperInterface. Bean already defined with the same name!
19:37:22.170 [main] WARN  org.mybatis.spring.mapper.ClassPathMapperScanner - Skipping MapperFactoryBean with name 'proAttentionMapper' and 'net.begincode.core.mapper.ProAttentionMapper' mapperInterface. Bean already defined with the same name!
19:37:22.170 [main] WARN  org.mybatis.spring.mapper.ClassPathMapperScanner - Skipping MapperFactoryBean with name 'problemLabelMapper' and 'net.begincode.core.mapper.ProblemLabelMapper' mapperInterface. Bean already defined with the same name!
19:37:22.170 [main] WARN  org.mybatis.spring.mapper.ClassPathMapperScanner - Skipping MapperFactoryBean with name 'problemMapper' and 'net.begincode.core.mapper.ProblemMapper' mapperInterface. Bean already defined with the same name!
19:37:22.170 [main] WARN  org.mybatis.spring.mapper.ClassPathMapperScanner - No MyBatis mapper was found in '[net.begincode.core.mapper]' package. Please check your configuration.
19:37:22.316 [main] ERROR com.alibaba.druid.pool.DruidAbstractDataSource - maxIdle is deprecated
19:37:40.371 [main] WARN  org.mybatis.spring.mapper.ClassPathMapperScanner - Skipping MapperFactoryBean with name 'ansAgreeMapper' and 'net.begincode.core.mapper.AnsAgreeMapper' mapperInterface. Bean already defined with the same name!
19:37:40.371 [main] WARN  org.mybatis.spring.mapper.ClassPathMapperScanner - Skipping MapperFactoryBean with name 'answerMapper' and 'net.begincode.core.mapper.AnswerMapper' mapperInterface. Bean already defined with the same name!
19:37:40.371 [main] WARN  org.mybatis.spring.mapper.ClassPathMapperScanner - Skipping MapperFactoryBean with name 'begincodeUserMapper' and 'net.begincode.core.mapper.BegincodeUserMapper' mapperInterface. Bean already defined with the same name!
19:37:40.372 [main] WARN  org.mybatis.spring.mapper.ClassPathMapperScanner - Skipping MapperFactoryBean with name 'demoMapper' and 'net.begincode.core.mapper.DemoMapper' mapperInterface. Bean already defined with the same name!
19:37:40.372 [main] WARN  org.mybatis.spring.mapper.ClassPathMapperScanner - Skipping MapperFactoryBean with name 'labelMapper' and 'net.begincode.core.mapper.LabelMapper' mapperInterface. Bean already defined with the same name!
19:37:40.372 [main] WARN  org.mybatis.spring.mapper.ClassPathMapperScanner - Skipping MapperFactoryBean with name 'messageMapper' and 'net.begincode.core.mapper.MessageMapper' mapperInterface. Bean already defined with the same name!
19:37:40.372 [main] WARN  org.mybatis.spring.mapper.ClassPathMapperScanner - Skipping MapperFactoryBean with name 'proAttentionMapper' and 'net.begincode.core.mapper.ProAttentionMapper' mapperInterface. Bean already defined with the same name!
19:37:40.372 [main] WARN  org.mybatis.spring.mapper.ClassPathMapperScanner - Skipping MapperFactoryBean with name 'problemLabelMapper' and 'net.begincode.core.mapper.ProblemLabelMapper' mapperInterface. Bean already defined with the same name!
19:37:40.372 [main] WARN  org.mybatis.spring.mapper.ClassPathMapperScanner - Skipping MapperFactoryBean with name 'problemMapper' and 'net.begincode.core.mapper.ProblemMapper' mapperInterface. Bean already defined with the same name!
19:37:40.372 [main] WARN  org.mybatis.spring.mapper.ClassPathMapperScanner - No MyBatis mapper was found in '[net.begincode.core.mapper]' package. Please check your configuration.
19:37:40.519 [main] ERROR com.alibaba.druid.pool.DruidAbstractDataSource - maxIdle is deprecated
12:07:00.592 [main] WARN  org.mybatis.spring.mapper.ClassPathMapperScanner - Skipping MapperFactoryBean with name 'ansAgreeMapper' and 'net.begincode.core.mapper.AnsAgreeMapper' mapperInterface. Bean already defined with the same name!
12:07:00.592 [main] WARN  org.mybatis.spring.mapper.ClassPathMapperScanner - Skipping MapperFactoryBean with name 'answerMapper' and 'net.begincode.core.mapper.AnswerMapper' mapperInterface. Bean already defined with the same name!
12:07:00.592 [main] WARN  org.mybatis.spring.mapper.ClassPathMapperScanner - Skipping MapperFactoryBean with name 'begincodeUserMapper' and 'net.begincode.core.mapper.BegincodeUserMapper' mapperInterface. Bean already defined with the same name!
12:07:00.593 [main] WARN  org.mybatis.spring.mapper.ClassPathMapperScanner - Skipping MapperFactoryBean with name 'demoMapper' and 'net.begincode.core.mapper.DemoMapper' mapperInterface. Bean already defined with the same name!
12:07:00.593 [main] WARN  org.mybatis.spring.mapper.ClassPathMapperScanner - Skipping MapperFactoryBean with name 'labelMapper' and 'net.begincode.core.mapper.LabelMapper' mapperInterface. Bean already defined with the same name!
12:07:00.593 [main] WARN  org.mybatis.spring.mapper.ClassPathMapperScanner - Skipping MapperFactoryBean with name 'messageMapper' and 'net.begincode.core.mapper.MessageMapper' mapperInterface. Bean already defined with the same name!
12:07:00.593 [main] WARN  org.mybatis.spring.mapper.ClassPathMapperScanner - Skipping MapperFactoryBean with name 'proAttentionMapper' and 'net.begincode.core.mapper.ProAttentionMapper' mapperInterface. Bean already defined with the same name!
12:07:00.593 [main] WARN  org.mybatis.spring.mapper.ClassPathMapperScanner - Skipping MapperFactoryBean with name 'problemLabelMapper' and 'net.begincode.core.mapper.ProblemLabelMapper' mapperInterface. Bean already defined with the same name!
12:07:00.593 [main] WARN  org.mybatis.spring.mapper.ClassPathMapperScanner - Skipping MapperFactoryBean with name 'problemMapper' and 'net.begincode.core.mapper.ProblemMapper' mapperInterface. Bean already defined with the same name!
12:07:00.593 [main] WARN  org.mybatis.spring.mapper.ClassPathMapperScanner - No MyBatis mapper was found in '[net.begincode.core.mapper]' package. Please check your configuration.
12:07:00.743 [main] ERROR com.alibaba.druid.pool.DruidAbstractDataSource - maxIdle is deprecated
12:09:21.066 [main] WARN  org.mybatis.spring.mapper.ClassPathMapperScanner - Skipping MapperFactoryBean with name 'ansAgreeMapper' and 'net.begincode.core.mapper.AnsAgreeMapper' mapperInterface. Bean already defined with the same name!
12:09:21.066 [main] WARN  org.mybatis.spring.mapper.ClassPathMapperScanner - Skipping MapperFactoryBean with name 'answerMapper' and 'net.begincode.core.mapper.AnswerMapper' mapperInterface. Bean already defined with the same name!
12:09:21.066 [main] WARN  org.mybatis.spring.mapper.ClassPathMapperScanner - Skipping MapperFactoryBean with name 'begincodeUserMapper' and 'net.begincode.core.mapper.BegincodeUserMapper' mapperInterface. Bean already defined with the same name!
12:09:21.066 [main] WARN  org.mybatis.spring.mapper.ClassPathMapperScanner - Skipping MapperFactoryBean with name 'demoMapper' and 'net.begincode.core.mapper.DemoMapper' mapperInterface. Bean already defined with the same name!
12:09:21.066 [main] WARN  org.mybatis.spring.mapper.ClassPathMapperScanner - Skipping MapperFactoryBean with name 'labelMapper' and 'net.begincode.core.mapper.LabelMapper' mapperInterface. Bean already defined with the same name!
12:09:21.066 [main] WARN  org.mybatis.spring.mapper.ClassPathMapperScanner - Skipping MapperFactoryBean with name 'messageMapper' and 'net.begincode.core.mapper.MessageMapper' mapperInterface. Bean already defined with the same name!
12:09:21.066 [main] WARN  org.mybatis.spring.mapper.ClassPathMapperScanner - Skipping MapperFactoryBean with name 'proAttentionMapper' and 'net.begincode.core.mapper.ProAttentionMapper' mapperInterface. Bean already defined with the same name!
12:09:21.066 [main] WARN  org.mybatis.spring.mapper.ClassPathMapperScanner - Skipping MapperFactoryBean with name 'problemLabelMapper' and 'net.begincode.core.mapper.ProblemLabelMapper' mapperInterface. Bean already defined with the same name!
12:09:21.066 [main] WARN  org.mybatis.spring.mapper.ClassPathMapperScanner - Skipping MapperFactoryBean with name 'problemMapper' and 'net.begincode.core.mapper.ProblemMapper' mapperInterface. Bean already defined with the same name!
12:09:21.066 [main] WARN  org.mybatis.spring.mapper.ClassPathMapperScanner - No MyBatis mapper was found in '[net.begincode.core.mapper]' package. Please check your configuration.
12:09:21.191 [main] ERROR com.alibaba.druid.pool.DruidAbstractDataSource - maxIdle is deprecated
12:09:43.515 [main] WARN  org.mybatis.spring.mapper.ClassPathMapperScanner - Skipping MapperFactoryBean with name 'ansAgreeMapper' and 'net.begincode.core.mapper.AnsAgreeMapper' mapperInterface. Bean already defined with the same name!
12:09:43.515 [main] WARN  org.mybatis.spring.mapper.ClassPathMapperScanner - Skipping MapperFactoryBean with name 'answerMapper' and 'net.begincode.core.mapper.AnswerMapper' mapperInterface. Bean already defined with the same name!
12:09:43.515 [main] WARN  org.mybatis.spring.mapper.ClassPathMapperScanner - Skipping MapperFactoryBean with name 'begincodeUserMapper' and 'net.begincode.core.mapper.BegincodeUserMapper' mapperInterface. Bean already defined with the same name!
12:09:43.515 [main] WARN  org.mybatis.spring.mapper.ClassPathMapperScanner - Skipping MapperFactoryBean with name 'demoMapper' and 'net.begincode.core.mapper.DemoMapper' mapperInterface. Bean already defined with the same name!
12:09:43.515 [main] WARN  org.mybatis.spring.mapper.ClassPathMapperScanner - Skipping MapperFactoryBean with name 'labelMapper' and 'net.begincode.core.mapper.LabelMapper' mapperInterface. Bean already defined with the same name!
12:09:43.515 [main] WARN  org.mybatis.spring.mapper.ClassPathMapperScanner - Skipping MapperFactoryBean with name 'messageMapper' and 'net.begincode.core.mapper.MessageMapper' mapperInterface. Bean already defined with the same name!
12:09:43.515 [main] WARN  org.mybatis.spring.mapper.ClassPathMapperScanner - Skipping MapperFactoryBean with name 'proAttentionMapper' and 'net.begincode.core.mapper.ProAttentionMapper' mapperInterface. Bean already defined with the same name!
12:09:43.516 [main] WARN  org.mybatis.spring.mapper.ClassPathMapperScanner - Skipping MapperFactoryBean with name 'problemLabelMapper' and 'net.begincode.core.mapper.ProblemLabelMapper' mapperInterface. Bean already defined with the same name!
12:09:43.516 [main] WARN  org.mybatis.spring.mapper.ClassPathMapperScanner - Skipping MapperFactoryBean with name 'problemMapper' and 'net.begincode.core.mapper.ProblemMapper' mapperInterface. Bean already defined with the same name!
12:09:43.516 [main] WARN  org.mybatis.spring.mapper.ClassPathMapperScanner - No MyBatis mapper was found in '[net.begincode.core.mapper]' package. Please check your configuration.
12:09:43.724 [main] ERROR com.alibaba.druid.pool.DruidAbstractDataSource - maxIdle is deprecated
12:14:15.321 [main] WARN  org.mybatis.spring.mapper.ClassPathMapperScanner - Skipping MapperFactoryBean with name 'ansAgreeMapper' and 'net.begincode.core.mapper.AnsAgreeMapper' mapperInterface. Bean already defined with the same name!
12:14:15.322 [main] WARN  org.mybatis.spring.mapper.ClassPathMapperScanner - Skipping MapperFactoryBean with name 'answerMapper' and 'net.begincode.core.mapper.AnswerMapper' mapperInterface. Bean already defined with the same name!
12:14:15.322 [main] WARN  org.mybatis.spring.mapper.ClassPathMapperScanner - Skipping MapperFactoryBean with name 'begincodeUserMapper' and 'net.begincode.core.mapper.BegincodeUserMapper' mapperInterface. Bean already defined with the same name!
12:14:15.322 [main] WARN  org.mybatis.spring.mapper.ClassPathMapperScanner - Skipping MapperFactoryBean with name 'biz_MessageMapper' and 'net.begincode.core.mapper.Biz_MessageMapper' mapperInterface. Bean already defined with the same name!
12:14:15.322 [main] WARN  org.mybatis.spring.mapper.ClassPathMapperScanner - Skipping MapperFactoryBean with name 'demoMapper' and 'net.begincode.core.mapper.DemoMapper' mapperInterface. Bean already defined with the same name!
12:14:15.322 [main] WARN  org.mybatis.spring.mapper.ClassPathMapperScanner - Skipping MapperFactoryBean with name 'labelMapper' and 'net.begincode.core.mapper.LabelMapper' mapperInterface. Bean already defined with the same name!
12:14:15.322 [main] WARN  org.mybatis.spring.mapper.ClassPathMapperScanner - Skipping MapperFactoryBean with name 'messageMapper' and 'net.begincode.core.mapper.MessageMapper' mapperInterface. Bean already defined with the same name!
12:14:15.322 [main] WARN  org.mybatis.spring.mapper.ClassPathMapperScanner - Skipping MapperFactoryBean with name 'proAttentionMapper' and 'net.begincode.core.mapper.ProAttentionMapper' mapperInterface. Bean already defined with the same name!
12:14:15.322 [main] WARN  org.mybatis.spring.mapper.ClassPathMapperScanner - Skipping MapperFactoryBean with name 'problemLabelMapper' and 'net.begincode.core.mapper.ProblemLabelMapper' mapperInterface. Bean already defined with the same name!
12:14:15.322 [main] WARN  org.mybatis.spring.mapper.ClassPathMapperScanner - Skipping MapperFactoryBean with name 'problemMapper' and 'net.begincode.core.mapper.ProblemMapper' mapperInterface. Bean already defined with the same name!
12:14:15.322 [main] WARN  org.mybatis.spring.mapper.ClassPathMapperScanner - No MyBatis mapper was found in '[net.begincode.core.mapper]' package. Please check your configuration.
12:14:15.464 [main] ERROR com.alibaba.druid.pool.DruidAbstractDataSource - maxIdle is deprecated
12:15:46.396 [main] WARN  org.mybatis.spring.mapper.ClassPathMapperScanner - Skipping MapperFactoryBean with name 'ansAgreeMapper' and 'net.begincode.core.mapper.AnsAgreeMapper' mapperInterface. Bean already defined with the same name!
12:15:46.396 [main] WARN  org.mybatis.spring.mapper.ClassPathMapperScanner - Skipping MapperFactoryBean with name 'answerMapper' and 'net.begincode.core.mapper.AnswerMapper' mapperInterface. Bean already defined with the same name!
12:15:46.396 [main] WARN  org.mybatis.spring.mapper.ClassPathMapperScanner - Skipping MapperFactoryBean with name 'begincodeUserMapper' and 'net.begincode.core.mapper.BegincodeUserMapper' mapperInterface. Bean already defined with the same name!
12:15:46.396 [main] WARN  org.mybatis.spring.mapper.ClassPathMapperScanner - Skipping MapperFactoryBean with name 'biz_MessageMapper' and 'net.begincode.core.mapper.Biz_MessageMapper' mapperInterface. Bean already defined with the same name!
12:15:46.397 [main] WARN  org.mybatis.spring.mapper.ClassPathMapperScanner - Skipping MapperFactoryBean with name 'demoMapper' and 'net.begincode.core.mapper.DemoMapper' mapperInterface. Bean already defined with the same name!
12:15:46.397 [main] WARN  org.mybatis.spring.mapper.ClassPathMapperScanner - Skipping MapperFactoryBean with name 'labelMapper' and 'net.begincode.core.mapper.LabelMapper' mapperInterface. Bean already defined with the same name!
12:15:46.397 [main] WARN  org.mybatis.spring.mapper.ClassPathMapperScanner - Skipping MapperFactoryBean with name 'messageMapper' and 'net.begincode.core.mapper.MessageMapper' mapperInterface. Bean already defined with the same name!
12:15:46.397 [main] WARN  org.mybatis.spring.mapper.ClassPathMapperScanner - Skipping MapperFactoryBean with name 'proAttentionMapper' and 'net.begincode.core.mapper.ProAttentionMapper' mapperInterface. Bean already defined with the same name!
12:15:46.397 [main] WARN  org.mybatis.spring.mapper.ClassPathMapperScanner - Skipping MapperFactoryBean with name 'problemLabelMapper' and 'net.begincode.core.mapper.ProblemLabelMapper' mapperInterface. Bean already defined with the same name!
12:15:46.397 [main] WARN  org.mybatis.spring.mapper.ClassPathMapperScanner - Skipping MapperFactoryBean with name 'problemMapper' and 'net.begincode.core.mapper.ProblemMapper' mapperInterface. Bean already defined with the same name!
12:15:46.397 [main] WARN  org.mybatis.spring.mapper.ClassPathMapperScanner - No MyBatis mapper was found in '[net.begincode.core.mapper]' package. Please check your configuration.
12:15:46.588 [main] ERROR com.alibaba.druid.pool.DruidAbstractDataSource - maxIdle is deprecated
12:16:26.585 [main] WARN  org.mybatis.spring.mapper.ClassPathMapperScanner - Skipping MapperFactoryBean with name 'ansAgreeMapper' and 'net.begincode.core.mapper.AnsAgreeMapper' mapperInterface. Bean already defined with the same name!
12:16:26.586 [main] WARN  org.mybatis.spring.mapper.ClassPathMapperScanner - Skipping MapperFactoryBean with name 'answerMapper' and 'net.begincode.core.mapper.AnswerMapper' mapperInterface. Bean already defined with the same name!
12:16:26.586 [main] WARN  org.mybatis.spring.mapper.ClassPathMapperScanner - Skipping MapperFactoryBean with name 'begincodeUserMapper' and 'net.begincode.core.mapper.BegincodeUserMapper' mapperInterface. Bean already defined with the same name!
12:16:26.586 [main] WARN  org.mybatis.spring.mapper.ClassPathMapperScanner - Skipping MapperFactoryBean with name 'biz_MessageMapper' and 'net.begincode.core.mapper.Biz_MessageMapper' mapperInterface. Bean already defined with the same name!
12:16:26.586 [main] WARN  org.mybatis.spring.mapper.ClassPathMapperScanner - Skipping MapperFactoryBean with name 'demoMapper' and 'net.begincode.core.mapper.DemoMapper' mapperInterface. Bean already defined with the same name!
12:16:26.586 [main] WARN  org.mybatis.spring.mapper.ClassPathMapperScanner - Skipping MapperFactoryBean with name 'labelMapper' and 'net.begincode.core.mapper.LabelMapper' mapperInterface. Bean already defined with the same name!
12:16:26.586 [main] WARN  org.mybatis.spring.mapper.ClassPathMapperScanner - Skipping MapperFactoryBean with name 'messageMapper' and 'net.begincode.core.mapper.MessageMapper' mapperInterface. Bean already defined with the same name!
12:16:26.586 [main] WARN  org.mybatis.spring.mapper.ClassPathMapperScanner - Skipping MapperFactoryBean with name 'proAttentionMapper' and 'net.begincode.core.mapper.ProAttentionMapper' mapperInterface. Bean already defined with the same name!
12:16:26.586 [main] WARN  org.mybatis.spring.mapper.ClassPathMapperScanner - Skipping MapperFactoryBean with name 'problemLabelMapper' and 'net.begincode.core.mapper.ProblemLabelMapper' mapperInterface. Bean already defined with the same name!
12:16:26.586 [main] WARN  org.mybatis.spring.mapper.ClassPathMapperScanner - Skipping MapperFactoryBean with name 'problemMapper' and 'net.begincode.core.mapper.ProblemMapper' mapperInterface. Bean already defined with the same name!
12:16:26.586 [main] WARN  org.mybatis.spring.mapper.ClassPathMapperScanner - No MyBatis mapper was found in '[net.begincode.core.mapper]' package. Please check your configuration.
12:16:26.790 [main] ERROR com.alibaba.druid.pool.DruidAbstractDataSource - maxIdle is deprecated
12:18:50.741 [main] WARN  org.mybatis.spring.mapper.ClassPathMapperScanner - Skipping MapperFactoryBean with name 'ansAgreeMapper' and 'net.begincode.core.mapper.AnsAgreeMapper' mapperInterface. Bean already defined with the same name!
12:18:50.741 [main] WARN  org.mybatis.spring.mapper.ClassPathMapperScanner - Skipping MapperFactoryBean with name 'answerMapper' and 'net.begincode.core.mapper.AnswerMapper' mapperInterface. Bean already defined with the same name!
12:18:50.741 [main] WARN  org.mybatis.spring.mapper.ClassPathMapperScanner - Skipping MapperFactoryBean with name 'begincodeUserMapper' and 'net.begincode.core.mapper.BegincodeUserMapper' mapperInterface. Bean already defined with the same name!
12:18:50.741 [main] WARN  org.mybatis.spring.mapper.ClassPathMapperScanner - Skipping MapperFactoryBean with name 'biz_MessageMapper' and 'net.begincode.core.mapper.Biz_MessageMapper' mapperInterface. Bean already defined with the same name!
12:18:50.741 [main] WARN  org.mybatis.spring.mapper.ClassPathMapperScanner - Skipping MapperFactoryBean with name 'demoMapper' and 'net.begincode.core.mapper.DemoMapper' mapperInterface. Bean already defined with the same name!
12:18:50.741 [main] WARN  org.mybatis.spring.mapper.ClassPathMapperScanner - Skipping MapperFactoryBean with name 'labelMapper' and 'net.begincode.core.mapper.LabelMapper' mapperInterface. Bean already defined with the same name!
12:18:50.741 [main] WARN  org.mybatis.spring.mapper.ClassPathMapperScanner - Skipping MapperFactoryBean with name 'messageMapper' and 'net.begincode.core.mapper.MessageMapper' mapperInterface. Bean already defined with the same name!
12:18:50.741 [main] WARN  org.mybatis.spring.mapper.ClassPathMapperScanner - Skipping MapperFactoryBean with name 'proAttentionMapper' and 'net.begincode.core.mapper.ProAttentionMapper' mapperInterface. Bean already defined with the same name!
12:18:50.741 [main] WARN  org.mybatis.spring.mapper.ClassPathMapperScanner - Skipping MapperFactoryBean with name 'problemLabelMapper' and 'net.begincode.core.mapper.ProblemLabelMapper' mapperInterface. Bean already defined with the same name!
12:18:50.741 [main] WARN  org.mybatis.spring.mapper.ClassPathMapperScanner - Skipping MapperFactoryBean with name 'problemMapper' and 'net.begincode.core.mapper.ProblemMapper' mapperInterface. Bean already defined with the same name!
12:18:50.741 [main] WARN  org.mybatis.spring.mapper.ClassPathMapperScanner - No MyBatis mapper was found in '[net.begincode.core.mapper]' package. Please check your configuration.
12:18:50.936 [main] ERROR com.alibaba.druid.pool.DruidAbstractDataSource - maxIdle is deprecated
12:19:55.901 [main] WARN  org.mybatis.spring.mapper.ClassPathMapperScanner - Skipping MapperFactoryBean with name 'ansAgreeMapper' and 'net.begincode.core.mapper.AnsAgreeMapper' mapperInterface. Bean already defined with the same name!
12:19:55.902 [main] WARN  org.mybatis.spring.mapper.ClassPathMapperScanner - Skipping MapperFactoryBean with name 'answerMapper' and 'net.begincode.core.mapper.AnswerMapper' mapperInterface. Bean already defined with the same name!
12:19:55.902 [main] WARN  org.mybatis.spring.mapper.ClassPathMapperScanner - Skipping MapperFactoryBean with name 'begincodeUserMapper' and 'net.begincode.core.mapper.BegincodeUserMapper' mapperInterface. Bean already defined with the same name!
12:19:55.902 [main] WARN  org.mybatis.spring.mapper.ClassPathMapperScanner - Skipping MapperFactoryBean with name 'biz_MessageMapper' and 'net.begincode.core.mapper.Biz_MessageMapper' mapperInterface. Bean already defined with the same name!
12:19:55.902 [main] WARN  org.mybatis.spring.mapper.ClassPathMapperScanner - Skipping MapperFactoryBean with name 'demoMapper' and 'net.begincode.core.mapper.DemoMapper' mapperInterface. Bean already defined with the same name!
12:19:55.902 [main] WARN  org.mybatis.spring.mapper.ClassPathMapperScanner - Skipping MapperFactoryBean with name 'labelMapper' and 'net.begincode.core.mapper.LabelMapper' mapperInterface. Bean already defined with the same name!
12:19:55.902 [main] WARN  org.mybatis.spring.mapper.ClassPathMapperScanner - Skipping MapperFactoryBean with name 'messageMapper' and 'net.begincode.core.mapper.MessageMapper' mapperInterface. Bean already defined with the same name!
12:19:55.902 [main] WARN  org.mybatis.spring.mapper.ClassPathMapperScanner - Skipping MapperFactoryBean with name 'proAttentionMapper' and 'net.begincode.core.mapper.ProAttentionMapper' mapperInterface. Bean already defined with the same name!
12:19:55.902 [main] WARN  org.mybatis.spring.mapper.ClassPathMapperScanner - Skipping MapperFactoryBean with name 'problemLabelMapper' and 'net.begincode.core.mapper.ProblemLabelMapper' mapperInterface. Bean already defined with the same name!
12:19:55.902 [main] WARN  org.mybatis.spring.mapper.ClassPathMapperScanner - Skipping MapperFactoryBean with name 'problemMapper' and 'net.begincode.core.mapper.ProblemMapper' mapperInterface. Bean already defined with the same name!
12:19:55.902 [main] WARN  org.mybatis.spring.mapper.ClassPathMapperScanner - No MyBatis mapper was found in '[net.begincode.core.mapper]' package. Please check your configuration.
12:19:56.131 [main] ERROR com.alibaba.druid.pool.DruidAbstractDataSource - maxIdle is deprecated
12:22:40.514 [main] WARN  org.mybatis.spring.mapper.ClassPathMapperScanner - Skipping MapperFactoryBean with name 'ansAgreeMapper' and 'net.begincode.core.mapper.AnsAgreeMapper' mapperInterface. Bean already defined with the same name!
12:22:40.515 [main] WARN  org.mybatis.spring.mapper.ClassPathMapperScanner - Skipping MapperFactoryBean with name 'answerMapper' and 'net.begincode.core.mapper.AnswerMapper' mapperInterface. Bean already defined with the same name!
12:22:40.515 [main] WARN  org.mybatis.spring.mapper.ClassPathMapperScanner - Skipping MapperFactoryBean with name 'begincodeUserMapper' and 'net.begincode.core.mapper.BegincodeUserMapper' mapperInterface. Bean already defined with the same name!
12:22:40.515 [main] WARN  org.mybatis.spring.mapper.ClassPathMapperScanner - Skipping MapperFactoryBean with name 'biz_MessageMapper' and 'net.begincode.core.mapper.Biz_MessageMapper' mapperInterface. Bean already defined with the same name!
12:22:40.515 [main] WARN  org.mybatis.spring.mapper.ClassPathMapperScanner - Skipping MapperFactoryBean with name 'demoMapper' and 'net.begincode.core.mapper.DemoMapper' mapperInterface. Bean already defined with the same name!
12:22:40.515 [main] WARN  org.mybatis.spring.mapper.ClassPathMapperScanner - Skipping MapperFactoryBean with name 'labelMapper' and 'net.begincode.core.mapper.LabelMapper' mapperInterface. Bean already defined with the same name!
12:22:40.515 [main] WARN  org.mybatis.spring.mapper.ClassPathMapperScanner - Skipping MapperFactoryBean with name 'messageMapper' and 'net.begincode.core.mapper.MessageMapper' mapperInterface. Bean already defined with the same name!
12:22:40.515 [main] WARN  org.mybatis.spring.mapper.ClassPathMapperScanner - Skipping MapperFactoryBean with name 'proAttentionMapper' and 'net.begincode.core.mapper.ProAttentionMapper' mapperInterface. Bean already defined with the same name!
12:22:40.515 [main] WARN  org.mybatis.spring.mapper.ClassPathMapperScanner - Skipping MapperFactoryBean with name 'problemLabelMapper' and 'net.begincode.core.mapper.ProblemLabelMapper' mapperInterface. Bean already defined with the same name!
12:22:40.515 [main] WARN  org.mybatis.spring.mapper.ClassPathMapperScanner - Skipping MapperFactoryBean with name 'problemMapper' and 'net.begincode.core.mapper.ProblemMapper' mapperInterface. Bean already defined with the same name!
12:22:40.515 [main] WARN  org.mybatis.spring.mapper.ClassPathMapperScanner - No MyBatis mapper was found in '[net.begincode.core.mapper]' package. Please check your configuration.
12:22:40.718 [main] ERROR com.alibaba.druid.pool.DruidAbstractDataSource - maxIdle is deprecated
12:23:28.975 [main] WARN  org.mybatis.spring.mapper.ClassPathMapperScanner - Skipping MapperFactoryBean with name 'ansAgreeMapper' and 'net.begincode.core.mapper.AnsAgreeMapper' mapperInterface. Bean already defined with the same name!
12:23:28.976 [main] WARN  org.mybatis.spring.mapper.ClassPathMapperScanner - Skipping MapperFactoryBean with name 'answerMapper' and 'net.begincode.core.mapper.AnswerMapper' mapperInterface. Bean already defined with the same name!
12:23:28.976 [main] WARN  org.mybatis.spring.mapper.ClassPathMapperScanner - Skipping MapperFactoryBean with name 'begincodeUserMapper' and 'net.begincode.core.mapper.BegincodeUserMapper' mapperInterface. Bean already defined with the same name!
12:23:28.976 [main] WARN  org.mybatis.spring.mapper.ClassPathMapperScanner - Skipping MapperFactoryBean with name 'biz_MessageMapper' and 'net.begincode.core.mapper.Biz_MessageMapper' mapperInterface. Bean already defined with the same name!
12:23:28.976 [main] WARN  org.mybatis.spring.mapper.ClassPathMapperScanner - Skipping MapperFactoryBean with name 'demoMapper' and 'net.begincode.core.mapper.DemoMapper' mapperInterface. Bean already defined with the same name!
12:23:28.976 [main] WARN  org.mybatis.spring.mapper.ClassPathMapperScanner - Skipping MapperFactoryBean with name 'labelMapper' and 'net.begincode.core.mapper.LabelMapper' mapperInterface. Bean already defined with the same name!
12:23:28.976 [main] WARN  org.mybatis.spring.mapper.ClassPathMapperScanner - Skipping MapperFactoryBean with name 'messageMapper' and 'net.begincode.core.mapper.MessageMapper' mapperInterface. Bean already defined with the same name!
12:23:28.976 [main] WARN  org.mybatis.spring.mapper.ClassPathMapperScanner - Skipping MapperFactoryBean with name 'proAttentionMapper' and 'net.begincode.core.mapper.ProAttentionMapper' mapperInterface. Bean already defined with the same name!
12:23:28.977 [main] WARN  org.mybatis.spring.mapper.ClassPathMapperScanner - Skipping MapperFactoryBean with name 'problemLabelMapper' and 'net.begincode.core.mapper.ProblemLabelMapper' mapperInterface. Bean already defined with the same name!
12:23:28.977 [main] WARN  org.mybatis.spring.mapper.ClassPathMapperScanner - Skipping MapperFactoryBean with name 'problemMapper' and 'net.begincode.core.mapper.ProblemMapper' mapperInterface. Bean already defined with the same name!
12:23:28.977 [main] WARN  org.mybatis.spring.mapper.ClassPathMapperScanner - No MyBatis mapper was found in '[net.begincode.core.mapper]' package. Please check your configuration.
12:23:29.170 [main] ERROR com.alibaba.druid.pool.DruidAbstractDataSource - maxIdle is deprecated
12:25:16.303 [main] WARN  org.mybatis.spring.mapper.ClassPathMapperScanner - Skipping MapperFactoryBean with name 'ansAgreeMapper' and 'net.begincode.core.mapper.AnsAgreeMapper' mapperInterface. Bean already defined with the same name!
12:25:16.303 [main] WARN  org.mybatis.spring.mapper.ClassPathMapperScanner - Skipping MapperFactoryBean with name 'answerMapper' and 'net.begincode.core.mapper.AnswerMapper' mapperInterface. Bean already defined with the same name!
12:25:16.303 [main] WARN  org.mybatis.spring.mapper.ClassPathMapperScanner - Skipping MapperFactoryBean with name 'begincodeUserMapper' and 'net.begincode.core.mapper.BegincodeUserMapper' mapperInterface. Bean already defined with the same name!
12:25:16.303 [main] WARN  org.mybatis.spring.mapper.ClassPathMapperScanner - Skipping MapperFactoryBean with name 'biz_MessageMapper' and 'net.begincode.core.mapper.Biz_MessageMapper' mapperInterface. Bean already defined with the same name!
12:25:16.303 [main] WARN  org.mybatis.spring.mapper.ClassPathMapperScanner - Skipping MapperFactoryBean with name 'demoMapper' and 'net.begincode.core.mapper.DemoMapper' mapperInterface. Bean already defined with the same name!
12:25:16.303 [main] WARN  org.mybatis.spring.mapper.ClassPathMapperScanner - Skipping MapperFactoryBean with name 'labelMapper' and 'net.begincode.core.mapper.LabelMapper' mapperInterface. Bean already defined with the same name!
12:25:16.303 [main] WARN  org.mybatis.spring.mapper.ClassPathMapperScanner - Skipping MapperFactoryBean with name 'messageMapper' and 'net.begincode.core.mapper.MessageMapper' mapperInterface. Bean already defined with the same name!
12:25:16.303 [main] WARN  org.mybatis.spring.mapper.ClassPathMapperScanner - Skipping MapperFactoryBean with name 'proAttentionMapper' and 'net.begincode.core.mapper.ProAttentionMapper' mapperInterface. Bean already defined with the same name!
12:25:16.303 [main] WARN  org.mybatis.spring.mapper.ClassPathMapperScanner - Skipping MapperFactoryBean with name 'problemLabelMapper' and 'net.begincode.core.mapper.ProblemLabelMapper' mapperInterface. Bean already defined with the same name!
12:25:16.303 [main] WARN  org.mybatis.spring.mapper.ClassPathMapperScanner - Skipping MapperFactoryBean with name 'problemMapper' and 'net.begincode.core.mapper.ProblemMapper' mapperInterface. Bean already defined with the same name!
12:25:16.303 [main] WARN  org.mybatis.spring.mapper.ClassPathMapperScanner - No MyBatis mapper was found in '[net.begincode.core.mapper]' package. Please check your configuration.
12:25:16.508 [main] ERROR com.alibaba.druid.pool.DruidAbstractDataSource - maxIdle is deprecated
12:26:50.204 [main] WARN  org.mybatis.spring.mapper.ClassPathMapperScanner - Skipping MapperFactoryBean with name 'ansAgreeMapper' and 'net.begincode.core.mapper.AnsAgreeMapper' mapperInterface. Bean already defined with the same name!
12:26:50.204 [main] WARN  org.mybatis.spring.mapper.ClassPathMapperScanner - Skipping MapperFactoryBean with name 'answerMapper' and 'net.begincode.core.mapper.AnswerMapper' mapperInterface. Bean already defined with the same name!
12:26:50.204 [main] WARN  org.mybatis.spring.mapper.ClassPathMapperScanner - Skipping MapperFactoryBean with name 'begincodeUserMapper' and 'net.begincode.core.mapper.BegincodeUserMapper' mapperInterface. Bean already defined with the same name!
12:26:50.204 [main] WARN  org.mybatis.spring.mapper.ClassPathMapperScanner - Skipping MapperFactoryBean with name 'biz_MessageMapper' and 'net.begincode.core.mapper.Biz_MessageMapper' mapperInterface. Bean already defined with the same name!
12:26:50.204 [main] WARN  org.mybatis.spring.mapper.ClassPathMapperScanner - Skipping MapperFactoryBean with name 'demoMapper' and 'net.begincode.core.mapper.DemoMapper' mapperInterface. Bean already defined with the same name!
12:26:50.205 [main] WARN  org.mybatis.spring.mapper.ClassPathMapperScanner - Skipping MapperFactoryBean with name 'labelMapper' and 'net.begincode.core.mapper.LabelMapper' mapperInterface. Bean already defined with the same name!
12:26:50.205 [main] WARN  org.mybatis.spring.mapper.ClassPathMapperScanner - Skipping MapperFactoryBean with name 'messageMapper' and 'net.begincode.core.mapper.MessageMapper' mapperInterface. Bean already defined with the same name!
12:26:50.205 [main] WARN  org.mybatis.spring.mapper.ClassPathMapperScanner - Skipping MapperFactoryBean with name 'proAttentionMapper' and 'net.begincode.core.mapper.ProAttentionMapper' mapperInterface. Bean already defined with the same name!
12:26:50.205 [main] WARN  org.mybatis.spring.mapper.ClassPathMapperScanner - Skipping MapperFactoryBean with name 'problemLabelMapper' and 'net.begincode.core.mapper.ProblemLabelMapper' mapperInterface. Bean already defined with the same name!
12:26:50.205 [main] WARN  org.mybatis.spring.mapper.ClassPathMapperScanner - Skipping MapperFactoryBean with name 'problemMapper' and 'net.begincode.core.mapper.ProblemMapper' mapperInterface. Bean already defined with the same name!
12:26:50.205 [main] WARN  org.mybatis.spring.mapper.ClassPathMapperScanner - No MyBatis mapper was found in '[net.begincode.core.mapper]' package. Please check your configuration.
12:26:50.430 [main] ERROR com.alibaba.druid.pool.DruidAbstractDataSource - maxIdle is deprecated
12:28:43.994 [main] WARN  org.mybatis.spring.mapper.ClassPathMapperScanner - Skipping MapperFactoryBean with name 'ansAgreeMapper' and 'net.begincode.core.mapper.AnsAgreeMapper' mapperInterface. Bean already defined with the same name!
12:28:43.994 [main] WARN  org.mybatis.spring.mapper.ClassPathMapperScanner - Skipping MapperFactoryBean with name 'answerMapper' and 'net.begincode.core.mapper.AnswerMapper' mapperInterface. Bean already defined with the same name!
12:28:43.994 [main] WARN  org.mybatis.spring.mapper.ClassPathMapperScanner - Skipping MapperFactoryBean with name 'begincodeUserMapper' and 'net.begincode.core.mapper.BegincodeUserMapper' mapperInterface. Bean already defined with the same name!
12:28:43.995 [main] WARN  org.mybatis.spring.mapper.ClassPathMapperScanner - Skipping MapperFactoryBean with name 'biz_MessageMapper' and 'net.begincode.core.mapper.Biz_MessageMapper' mapperInterface. Bean already defined with the same name!
12:28:43.995 [main] WARN  org.mybatis.spring.mapper.ClassPathMapperScanner - Skipping MapperFactoryBean with name 'demoMapper' and 'net.begincode.core.mapper.DemoMapper' mapperInterface. Bean already defined with the same name!
12:28:43.995 [main] WARN  org.mybatis.spring.mapper.ClassPathMapperScanner - Skipping MapperFactoryBean with name 'labelMapper' and 'net.begincode.core.mapper.LabelMapper' mapperInterface. Bean already defined with the same name!
12:28:43.995 [main] WARN  org.mybatis.spring.mapper.ClassPathMapperScanner - Skipping MapperFactoryBean with name 'messageMapper' and 'net.begincode.core.mapper.MessageMapper' mapperInterface. Bean already defined with the same name!
12:28:43.995 [main] WARN  org.mybatis.spring.mapper.ClassPathMapperScanner - Skipping MapperFactoryBean with name 'proAttentionMapper' and 'net.begincode.core.mapper.ProAttentionMapper' mapperInterface. Bean already defined with the same name!
12:28:43.995 [main] WARN  org.mybatis.spring.mapper.ClassPathMapperScanner - Skipping MapperFactoryBean with name 'problemLabelMapper' and 'net.begincode.core.mapper.ProblemLabelMapper' mapperInterface. Bean already defined with the same name!
12:28:43.995 [main] WARN  org.mybatis.spring.mapper.ClassPathMapperScanner - Skipping MapperFactoryBean with name 'problemMapper' and 'net.begincode.core.mapper.ProblemMapper' mapperInterface. Bean already defined with the same name!
12:28:43.995 [main] WARN  org.mybatis.spring.mapper.ClassPathMapperScanner - No MyBatis mapper was found in '[net.begincode.core.mapper]' package. Please check your configuration.
12:28:44.231 [main] ERROR com.alibaba.druid.pool.DruidAbstractDataSource - maxIdle is deprecated
12:28:44.918 [main] ERROR org.springframework.test.context.TestContextManager - Caught exception while allowing TestExecutionListener [org.springframework.test.context.support.DependencyInjectionTestExecutionListener@d41f816] to prepare test instance [DemoTest@5c2375a9]
org.springframework.beans.factory.BeanCreationException: Error creating bean with name 'DemoTest': Injection of resource dependencies failed; nested exception is org.springframework.beans.factory.BeanNotOfRequiredTypeException: Bean named 'messageService' must be of type [net.begincode.core.handler.MessageHandler], but was actually of type [net.begincode.core.service.MessageService]
	at org.springframework.context.annotation.CommonAnnotationBeanPostProcessor.postProcessPropertyValues(CommonAnnotationBeanPostProcessor.java:308) ~[spring-context-4.1.3.RELEASE.jar:4.1.3.RELEASE]
	at org.springframework.beans.factory.support.AbstractAutowireCapableBeanFactory.populateBean(AbstractAutowireCapableBeanFactory.java:1202) ~[spring-beans-4.1.3.RELEASE.jar:4.1.3.RELEASE]
	at org.springframework.beans.factory.support.AbstractAutowireCapableBeanFactory.autowireBeanProperties(AbstractAutowireCapableBeanFactory.java:385) ~[spring-beans-4.1.3.RELEASE.jar:4.1.3.RELEASE]
	at org.springframework.test.context.support.DependencyInjectionTestExecutionListener.injectDependencies(DependencyInjectionTestExecutionListener.java:110) ~[spring-test-4.0.5.RELEASE.jar:4.0.5.RELEASE]
	at org.springframework.test.context.support.DependencyInjectionTestExecutionListener.prepareTestInstance(DependencyInjectionTestExecutionListener.java:75) ~[spring-test-4.0.5.RELEASE.jar:4.0.5.RELEASE]
	at org.springframework.test.context.TestContextManager.prepareTestInstance(TestContextManager.java:331) ~[spring-test-4.0.5.RELEASE.jar:4.0.5.RELEASE]
	at org.springframework.test.context.junit4.SpringJUnit4ClassRunner.createTest(SpringJUnit4ClassRunner.java:213) [spring-test-4.0.5.RELEASE.jar:4.0.5.RELEASE]
	at org.springframework.test.context.junit4.SpringJUnit4ClassRunner$1.runReflectiveCall(SpringJUnit4ClassRunner.java:290) [spring-test-4.0.5.RELEASE.jar:4.0.5.RELEASE]
	at org.junit.internal.runners.model.ReflectiveCallable.run(ReflectiveCallable.java:12) [junit-4.12.jar:4.12]
	at org.springframework.test.context.junit4.SpringJUnit4ClassRunner.methodBlock(SpringJUnit4ClassRunner.java:292) [spring-test-4.0.5.RELEASE.jar:4.0.5.RELEASE]
	at org.springframework.test.context.junit4.SpringJUnit4ClassRunner.runChild(SpringJUnit4ClassRunner.java:233) [spring-test-4.0.5.RELEASE.jar:4.0.5.RELEASE]
	at org.springframework.test.context.junit4.SpringJUnit4ClassRunner.runChild(SpringJUnit4ClassRunner.java:87) [spring-test-4.0.5.RELEASE.jar:4.0.5.RELEASE]
	at org.junit.runners.ParentRunner$3.run(ParentRunner.java:290) [junit-4.12.jar:4.12]
	at org.junit.runners.ParentRunner$1.schedule(ParentRunner.java:71) [junit-4.12.jar:4.12]
	at org.junit.runners.ParentRunner.runChildren(ParentRunner.java:288) [junit-4.12.jar:4.12]
	at org.junit.runners.ParentRunner.access$000(ParentRunner.java:58) [junit-4.12.jar:4.12]
	at org.junit.runners.ParentRunner$2.evaluate(ParentRunner.java:268) [junit-4.12.jar:4.12]
	at org.springframework.test.context.junit4.statements.RunBeforeTestClassCallbacks.evaluate(RunBeforeTestClassCallbacks.java:61) [spring-test-4.0.5.RELEASE.jar:4.0.5.RELEASE]
	at org.springframework.test.context.junit4.statements.RunAfterTestClassCallbacks.evaluate(RunAfterTestClassCallbacks.java:71) [spring-test-4.0.5.RELEASE.jar:4.0.5.RELEASE]
	at org.junit.runners.ParentRunner.run(ParentRunner.java:363) [junit-4.12.jar:4.12]
	at org.springframework.test.context.junit4.SpringJUnit4ClassRunner.run(SpringJUnit4ClassRunner.java:176) [spring-test-4.0.5.RELEASE.jar:4.0.5.RELEASE]
	at org.eclipse.jdt.internal.junit4.runner.JUnit4TestReference.run(JUnit4TestReference.java:86) [.cp/:na]
	at org.eclipse.jdt.internal.junit.runner.TestExecution.run(TestExecution.java:38) [.cp/:na]
	at org.eclipse.jdt.internal.junit.runner.RemoteTestRunner.runTests(RemoteTestRunner.java:459) [.cp/:na]
	at org.eclipse.jdt.internal.junit.runner.RemoteTestRunner.runTests(RemoteTestRunner.java:678) [.cp/:na]
	at org.eclipse.jdt.internal.junit.runner.RemoteTestRunner.run(RemoteTestRunner.java:382) [.cp/:na]
	at org.eclipse.jdt.internal.junit.runner.RemoteTestRunner.main(RemoteTestRunner.java:192) [.cp/:na]
Caused by: org.springframework.beans.factory.BeanNotOfRequiredTypeException: Bean named 'messageService' must be of type [net.begincode.core.handler.MessageHandler], but was actually of type [net.begincode.core.service.MessageService]
	at org.springframework.beans.factory.support.AbstractBeanFactory.doGetBean(AbstractBeanFactory.java:374) ~[spring-beans-4.1.3.RELEASE.jar:4.1.3.RELEASE]
	at org.springframework.beans.factory.support.AbstractBeanFactory.getBean(AbstractBeanFactory.java:198) ~[spring-beans-4.1.3.RELEASE.jar:4.1.3.RELEASE]
	at org.springframework.context.annotation.CommonAnnotationBeanPostProcessor.autowireResource(CommonAnnotationBeanPostProcessor.java:458) ~[spring-context-4.1.3.RELEASE.jar:4.1.3.RELEASE]
	at org.springframework.context.annotation.CommonAnnotationBeanPostProcessor.getResource(CommonAnnotationBeanPostProcessor.java:432) ~[spring-context-4.1.3.RELEASE.jar:4.1.3.RELEASE]
	at org.springframework.context.annotation.CommonAnnotationBeanPostProcessor$ResourceElement.getResourceToInject(CommonAnnotationBeanPostProcessor.java:556) ~[spring-context-4.1.3.RELEASE.jar:4.1.3.RELEASE]
	at org.springframework.beans.factory.annotation.InjectionMetadata$InjectedElement.inject(InjectionMetadata.java:155) ~[spring-beans-4.1.3.RELEASE.jar:4.1.3.RELEASE]
	at org.springframework.beans.factory.annotation.InjectionMetadata.inject(InjectionMetadata.java:87) ~[spring-beans-4.1.3.RELEASE.jar:4.1.3.RELEASE]
	at org.springframework.context.annotation.CommonAnnotationBeanPostProcessor.postProcessPropertyValues(CommonAnnotationBeanPostProcessor.java:305) ~[spring-context-4.1.3.RELEASE.jar:4.1.3.RELEASE]
	... 26 common frames omitted
12:30:29.700 [main] WARN  org.mybatis.spring.mapper.ClassPathMapperScanner - Skipping MapperFactoryBean with name 'ansAgreeMapper' and 'net.begincode.core.mapper.AnsAgreeMapper' mapperInterface. Bean already defined with the same name!
12:30:29.700 [main] WARN  org.mybatis.spring.mapper.ClassPathMapperScanner - Skipping MapperFactoryBean with name 'answerMapper' and 'net.begincode.core.mapper.AnswerMapper' mapperInterface. Bean already defined with the same name!
12:30:29.700 [main] WARN  org.mybatis.spring.mapper.ClassPathMapperScanner - Skipping MapperFactoryBean with name 'begincodeUserMapper' and 'net.begincode.core.mapper.BegincodeUserMapper' mapperInterface. Bean already defined with the same name!
12:30:29.700 [main] WARN  org.mybatis.spring.mapper.ClassPathMapperScanner - Skipping MapperFactoryBean with name 'biz_MessageMapper' and 'net.begincode.core.mapper.Biz_MessageMapper' mapperInterface. Bean already defined with the same name!
12:30:29.700 [main] WARN  org.mybatis.spring.mapper.ClassPathMapperScanner - Skipping MapperFactoryBean with name 'demoMapper' and 'net.begincode.core.mapper.DemoMapper' mapperInterface. Bean already defined with the same name!
12:30:29.700 [main] WARN  org.mybatis.spring.mapper.ClassPathMapperScanner - Skipping MapperFactoryBean with name 'labelMapper' and 'net.begincode.core.mapper.LabelMapper' mapperInterface. Bean already defined with the same name!
12:30:29.700 [main] WARN  org.mybatis.spring.mapper.ClassPathMapperScanner - Skipping MapperFactoryBean with name 'messageMapper' and 'net.begincode.core.mapper.MessageMapper' mapperInterface. Bean already defined with the same name!
12:30:29.700 [main] WARN  org.mybatis.spring.mapper.ClassPathMapperScanner - Skipping MapperFactoryBean with name 'proAttentionMapper' and 'net.begincode.core.mapper.ProAttentionMapper' mapperInterface. Bean already defined with the same name!
12:30:29.700 [main] WARN  org.mybatis.spring.mapper.ClassPathMapperScanner - Skipping MapperFactoryBean with name 'problemLabelMapper' and 'net.begincode.core.mapper.ProblemLabelMapper' mapperInterface. Bean already defined with the same name!
12:30:29.700 [main] WARN  org.mybatis.spring.mapper.ClassPathMapperScanner - Skipping MapperFactoryBean with name 'problemMapper' and 'net.begincode.core.mapper.ProblemMapper' mapperInterface. Bean already defined with the same name!
12:30:29.701 [main] WARN  org.mybatis.spring.mapper.ClassPathMapperScanner - No MyBatis mapper was found in '[net.begincode.core.mapper]' package. Please check your configuration.
12:30:29.936 [main] ERROR com.alibaba.druid.pool.DruidAbstractDataSource - maxIdle is deprecated
12:30:30.646 [main] ERROR org.springframework.test.context.TestContextManager - Caught exception while allowing TestExecutionListener [org.springframework.test.context.support.DependencyInjectionTestExecutionListener@d41f816] to prepare test instance [DemoTest@5c2375a9]
org.springframework.beans.factory.BeanCreationException: Error creating bean with name 'DemoTest': Injection of resource dependencies failed; nested exception is org.springframework.beans.factory.BeanNotOfRequiredTypeException: Bean named 'messageService' must be of type [net.begincode.core.handler.MessageHandler], but was actually of type [net.begincode.core.service.MessageService]
	at org.springframework.context.annotation.CommonAnnotationBeanPostProcessor.postProcessPropertyValues(CommonAnnotationBeanPostProcessor.java:308) ~[spring-context-4.1.3.RELEASE.jar:4.1.3.RELEASE]
	at org.springframework.beans.factory.support.AbstractAutowireCapableBeanFactory.populateBean(AbstractAutowireCapableBeanFactory.java:1202) ~[spring-beans-4.1.3.RELEASE.jar:4.1.3.RELEASE]
	at org.springframework.beans.factory.support.AbstractAutowireCapableBeanFactory.autowireBeanProperties(AbstractAutowireCapableBeanFactory.java:385) ~[spring-beans-4.1.3.RELEASE.jar:4.1.3.RELEASE]
	at org.springframework.test.context.support.DependencyInjectionTestExecutionListener.injectDependencies(DependencyInjectionTestExecutionListener.java:110) ~[spring-test-4.0.5.RELEASE.jar:4.0.5.RELEASE]
	at org.springframework.test.context.support.DependencyInjectionTestExecutionListener.prepareTestInstance(DependencyInjectionTestExecutionListener.java:75) ~[spring-test-4.0.5.RELEASE.jar:4.0.5.RELEASE]
	at org.springframework.test.context.TestContextManager.prepareTestInstance(TestContextManager.java:331) ~[spring-test-4.0.5.RELEASE.jar:4.0.5.RELEASE]
	at org.springframework.test.context.junit4.SpringJUnit4ClassRunner.createTest(SpringJUnit4ClassRunner.java:213) [spring-test-4.0.5.RELEASE.jar:4.0.5.RELEASE]
	at org.springframework.test.context.junit4.SpringJUnit4ClassRunner$1.runReflectiveCall(SpringJUnit4ClassRunner.java:290) [spring-test-4.0.5.RELEASE.jar:4.0.5.RELEASE]
	at org.junit.internal.runners.model.ReflectiveCallable.run(ReflectiveCallable.java:12) [junit-4.12.jar:4.12]
	at org.springframework.test.context.junit4.SpringJUnit4ClassRunner.methodBlock(SpringJUnit4ClassRunner.java:292) [spring-test-4.0.5.RELEASE.jar:4.0.5.RELEASE]
	at org.springframework.test.context.junit4.SpringJUnit4ClassRunner.runChild(SpringJUnit4ClassRunner.java:233) [spring-test-4.0.5.RELEASE.jar:4.0.5.RELEASE]
	at org.springframework.test.context.junit4.SpringJUnit4ClassRunner.runChild(SpringJUnit4ClassRunner.java:87) [spring-test-4.0.5.RELEASE.jar:4.0.5.RELEASE]
	at org.junit.runners.ParentRunner$3.run(ParentRunner.java:290) [junit-4.12.jar:4.12]
	at org.junit.runners.ParentRunner$1.schedule(ParentRunner.java:71) [junit-4.12.jar:4.12]
	at org.junit.runners.ParentRunner.runChildren(ParentRunner.java:288) [junit-4.12.jar:4.12]
	at org.junit.runners.ParentRunner.access$000(ParentRunner.java:58) [junit-4.12.jar:4.12]
	at org.junit.runners.ParentRunner$2.evaluate(ParentRunner.java:268) [junit-4.12.jar:4.12]
	at org.springframework.test.context.junit4.statements.RunBeforeTestClassCallbacks.evaluate(RunBeforeTestClassCallbacks.java:61) [spring-test-4.0.5.RELEASE.jar:4.0.5.RELEASE]
	at org.springframework.test.context.junit4.statements.RunAfterTestClassCallbacks.evaluate(RunAfterTestClassCallbacks.java:71) [spring-test-4.0.5.RELEASE.jar:4.0.5.RELEASE]
	at org.junit.runners.ParentRunner.run(ParentRunner.java:363) [junit-4.12.jar:4.12]
	at org.springframework.test.context.junit4.SpringJUnit4ClassRunner.run(SpringJUnit4ClassRunner.java:176) [spring-test-4.0.5.RELEASE.jar:4.0.5.RELEASE]
	at org.eclipse.jdt.internal.junit4.runner.JUnit4TestReference.run(JUnit4TestReference.java:86) [.cp/:na]
	at org.eclipse.jdt.internal.junit.runner.TestExecution.run(TestExecution.java:38) [.cp/:na]
	at org.eclipse.jdt.internal.junit.runner.RemoteTestRunner.runTests(RemoteTestRunner.java:459) [.cp/:na]
	at org.eclipse.jdt.internal.junit.runner.RemoteTestRunner.runTests(RemoteTestRunner.java:678) [.cp/:na]
	at org.eclipse.jdt.internal.junit.runner.RemoteTestRunner.run(RemoteTestRunner.java:382) [.cp/:na]
	at org.eclipse.jdt.internal.junit.runner.RemoteTestRunner.main(RemoteTestRunner.java:192) [.cp/:na]
Caused by: org.springframework.beans.factory.BeanNotOfRequiredTypeException: Bean named 'messageService' must be of type [net.begincode.core.handler.MessageHandler], but was actually of type [net.begincode.core.service.MessageService]
	at org.springframework.beans.factory.support.AbstractBeanFactory.doGetBean(AbstractBeanFactory.java:374) ~[spring-beans-4.1.3.RELEASE.jar:4.1.3.RELEASE]
	at org.springframework.beans.factory.support.AbstractBeanFactory.getBean(AbstractBeanFactory.java:198) ~[spring-beans-4.1.3.RELEASE.jar:4.1.3.RELEASE]
	at org.springframework.context.annotation.CommonAnnotationBeanPostProcessor.autowireResource(CommonAnnotationBeanPostProcessor.java:458) ~[spring-context-4.1.3.RELEASE.jar:4.1.3.RELEASE]
	at org.springframework.context.annotation.CommonAnnotationBeanPostProcessor.getResource(CommonAnnotationBeanPostProcessor.java:432) ~[spring-context-4.1.3.RELEASE.jar:4.1.3.RELEASE]
	at org.springframework.context.annotation.CommonAnnotationBeanPostProcessor$ResourceElement.getResourceToInject(CommonAnnotationBeanPostProcessor.java:556) ~[spring-context-4.1.3.RELEASE.jar:4.1.3.RELEASE]
	at org.springframework.beans.factory.annotation.InjectionMetadata$InjectedElement.inject(InjectionMetadata.java:155) ~[spring-beans-4.1.3.RELEASE.jar:4.1.3.RELEASE]
	at org.springframework.beans.factory.annotation.InjectionMetadata.inject(InjectionMetadata.java:87) ~[spring-beans-4.1.3.RELEASE.jar:4.1.3.RELEASE]
	at org.springframework.context.annotation.CommonAnnotationBeanPostProcessor.postProcessPropertyValues(CommonAnnotationBeanPostProcessor.java:305) ~[spring-context-4.1.3.RELEASE.jar:4.1.3.RELEASE]
	... 26 common frames omitted
12:31:40.374 [main] WARN  org.mybatis.spring.mapper.ClassPathMapperScanner - Skipping MapperFactoryBean with name 'ansAgreeMapper' and 'net.begincode.core.mapper.AnsAgreeMapper' mapperInterface. Bean already defined with the same name!
12:31:40.375 [main] WARN  org.mybatis.spring.mapper.ClassPathMapperScanner - Skipping MapperFactoryBean with name 'answerMapper' and 'net.begincode.core.mapper.AnswerMapper' mapperInterface. Bean already defined with the same name!
12:31:40.375 [main] WARN  org.mybatis.spring.mapper.ClassPathMapperScanner - Skipping MapperFactoryBean with name 'begincodeUserMapper' and 'net.begincode.core.mapper.BegincodeUserMapper' mapperInterface. Bean already defined with the same name!
12:31:40.375 [main] WARN  org.mybatis.spring.mapper.ClassPathMapperScanner - Skipping MapperFactoryBean with name 'biz_MessageMapper' and 'net.begincode.core.mapper.Biz_MessageMapper' mapperInterface. Bean already defined with the same name!
12:31:40.375 [main] WARN  org.mybatis.spring.mapper.ClassPathMapperScanner - Skipping MapperFactoryBean with name 'demoMapper' and 'net.begincode.core.mapper.DemoMapper' mapperInterface. Bean already defined with the same name!
12:31:40.375 [main] WARN  org.mybatis.spring.mapper.ClassPathMapperScanner - Skipping MapperFactoryBean with name 'labelMapper' and 'net.begincode.core.mapper.LabelMapper' mapperInterface. Bean already defined with the same name!
12:31:40.375 [main] WARN  org.mybatis.spring.mapper.ClassPathMapperScanner - Skipping MapperFactoryBean with name 'messageMapper' and 'net.begincode.core.mapper.MessageMapper' mapperInterface. Bean already defined with the same name!
12:31:40.375 [main] WARN  org.mybatis.spring.mapper.ClassPathMapperScanner - Skipping MapperFactoryBean with name 'proAttentionMapper' and 'net.begincode.core.mapper.ProAttentionMapper' mapperInterface. Bean already defined with the same name!
12:31:40.375 [main] WARN  org.mybatis.spring.mapper.ClassPathMapperScanner - Skipping MapperFactoryBean with name 'problemLabelMapper' and 'net.begincode.core.mapper.ProblemLabelMapper' mapperInterface. Bean already defined with the same name!
12:31:40.375 [main] WARN  org.mybatis.spring.mapper.ClassPathMapperScanner - Skipping MapperFactoryBean with name 'problemMapper' and 'net.begincode.core.mapper.ProblemMapper' mapperInterface. Bean already defined with the same name!
12:31:40.375 [main] WARN  org.mybatis.spring.mapper.ClassPathMapperScanner - No MyBatis mapper was found in '[net.begincode.core.mapper]' package. Please check your configuration.
12:31:40.597 [main] ERROR com.alibaba.druid.pool.DruidAbstractDataSource - maxIdle is deprecated
12:33:42.677 [main] WARN  org.mybatis.spring.mapper.ClassPathMapperScanner - Skipping MapperFactoryBean with name 'ansAgreeMapper' and 'net.begincode.core.mapper.AnsAgreeMapper' mapperInterface. Bean already defined with the same name!
12:33:42.677 [main] WARN  org.mybatis.spring.mapper.ClassPathMapperScanner - Skipping MapperFactoryBean with name 'answerMapper' and 'net.begincode.core.mapper.AnswerMapper' mapperInterface. Bean already defined with the same name!
12:33:42.677 [main] WARN  org.mybatis.spring.mapper.ClassPathMapperScanner - Skipping MapperFactoryBean with name 'begincodeUserMapper' and 'net.begincode.core.mapper.BegincodeUserMapper' mapperInterface. Bean already defined with the same name!
12:33:42.677 [main] WARN  org.mybatis.spring.mapper.ClassPathMapperScanner - Skipping MapperFactoryBean with name 'biz_MessageMapper' and 'net.begincode.core.mapper.Biz_MessageMapper' mapperInterface. Bean already defined with the same name!
12:33:42.677 [main] WARN  org.mybatis.spring.mapper.ClassPathMapperScanner - Skipping MapperFactoryBean with name 'demoMapper' and 'net.begincode.core.mapper.DemoMapper' mapperInterface. Bean already defined with the same name!
12:33:42.677 [main] WARN  org.mybatis.spring.mapper.ClassPathMapperScanner - Skipping MapperFactoryBean with name 'labelMapper' and 'net.begincode.core.mapper.LabelMapper' mapperInterface. Bean already defined with the same name!
12:33:42.677 [main] WARN  org.mybatis.spring.mapper.ClassPathMapperScanner - Skipping MapperFactoryBean with name 'messageMapper' and 'net.begincode.core.mapper.MessageMapper' mapperInterface. Bean already defined with the same name!
12:33:42.678 [main] WARN  org.mybatis.spring.mapper.ClassPathMapperScanner - Skipping MapperFactoryBean with name 'proAttentionMapper' and 'net.begincode.core.mapper.ProAttentionMapper' mapperInterface. Bean already defined with the same name!
12:33:42.678 [main] WARN  org.mybatis.spring.mapper.ClassPathMapperScanner - Skipping MapperFactoryBean with name 'problemLabelMapper' and 'net.begincode.core.mapper.ProblemLabelMapper' mapperInterface. Bean already defined with the same name!
12:33:42.678 [main] WARN  org.mybatis.spring.mapper.ClassPathMapperScanner - Skipping MapperFactoryBean with name 'problemMapper' and 'net.begincode.core.mapper.ProblemMapper' mapperInterface. Bean already defined with the same name!
12:33:42.678 [main] WARN  org.mybatis.spring.mapper.ClassPathMapperScanner - No MyBatis mapper was found in '[net.begincode.core.mapper]' package. Please check your configuration.
12:33:42.876 [main] ERROR com.alibaba.druid.pool.DruidAbstractDataSource - maxIdle is deprecated
