21:59:10.109 [main] WARN  org.mybatis.spring.mapper.ClassPathMapperScanner - Skipping MapperFactoryBean with name 'ansAgreeMapper' and 'net.begincode.core.mapper.AnsAgreeMapper' mapperInterface. Bean already defined with the same name!
21:59:10.114 [main] WARN  org.mybatis.spring.mapper.ClassPathMapperScanner - Skipping MapperFactoryBean with name 'answerMapper' and 'net.begincode.core.mapper.AnswerMapper' mapperInterface. Bean already defined with the same name!
21:59:10.115 [main] WARN  org.mybatis.spring.mapper.ClassPathMapperScanner - Skipping MapperFactoryBean with name 'begincodeUserMapper' and 'net.begincode.core.mapper.BegincodeUserMapper' mapperInterface. Bean already defined with the same name!
21:59:10.115 [main] WARN  org.mybatis.spring.mapper.ClassPathMapperScanner - Skipping MapperFactoryBean with name 'bizBegincodeUserMapper' and 'net.begincode.core.mapper.BizBegincodeUserMapper' mapperInterface. Bean already defined with the same name!
21:59:10.116 [main] WARN  org.mybatis.spring.mapper.ClassPathMapperScanner - Skipping MapperFactoryBean with name 'demoMapper' and 'net.begincode.core.mapper.DemoMapper' mapperInterface. Bean already defined with the same name!
21:59:10.116 [main] WARN  org.mybatis.spring.mapper.ClassPathMapperScanner - Skipping MapperFactoryBean with name 'labelMapper' and 'net.begincode.core.mapper.LabelMapper' mapperInterface. Bean already defined with the same name!
21:59:10.116 [main] WARN  org.mybatis.spring.mapper.ClassPathMapperScanner - Skipping MapperFactoryBean with name 'messageMapper' and 'net.begincode.core.mapper.MessageMapper' mapperInterface. Bean already defined with the same name!
21:59:10.116 [main] WARN  org.mybatis.spring.mapper.ClassPathMapperScanner - Skipping MapperFactoryBean with name 'proAttentionMapper' and 'net.begincode.core.mapper.ProAttentionMapper' mapperInterface. Bean already defined with the same name!
21:59:10.116 [main] WARN  org.mybatis.spring.mapper.ClassPathMapperScanner - Skipping MapperFactoryBean with name 'problemLabelMapper' and 'net.begincode.core.mapper.ProblemLabelMapper' mapperInterface. Bean already defined with the same name!
21:59:10.116 [main] WARN  org.mybatis.spring.mapper.ClassPathMapperScanner - Skipping MapperFactoryBean with name 'problemMapper' and 'net.begincode.core.mapper.ProblemMapper' mapperInterface. Bean already defined with the same name!
21:59:10.116 [main] WARN  org.mybatis.spring.mapper.ClassPathMapperScanner - No MyBatis mapper was found in '[net.begincode.core.mapper]' package. Please check your configuration.
21:59:10.857 [main] ERROR com.alibaba.druid.pool.DruidAbstractDataSource - maxIdle is deprecated
22:00:07.373 [main] WARN  org.mybatis.spring.mapper.ClassPathMapperScanner - Skipping MapperFactoryBean with name 'ansAgreeMapper' and 'net.begincode.core.mapper.AnsAgreeMapper' mapperInterface. Bean already defined with the same name!
22:00:07.373 [main] WARN  org.mybatis.spring.mapper.ClassPathMapperScanner - Skipping MapperFactoryBean with name 'answerMapper' and 'net.begincode.core.mapper.AnswerMapper' mapperInterface. Bean already defined with the same name!
22:00:07.373 [main] WARN  org.mybatis.spring.mapper.ClassPathMapperScanner - Skipping MapperFactoryBean with name 'begincodeUserMapper' and 'net.begincode.core.mapper.BegincodeUserMapper' mapperInterface. Bean already defined with the same name!
22:00:07.374 [main] WARN  org.mybatis.spring.mapper.ClassPathMapperScanner - Skipping MapperFactoryBean with name 'bizBegincodeUserMapper' and 'net.begincode.core.mapper.BizBegincodeUserMapper' mapperInterface. Bean already defined with the same name!
22:00:07.374 [main] WARN  org.mybatis.spring.mapper.ClassPathMapperScanner - Skipping MapperFactoryBean with name 'demoMapper' and 'net.begincode.core.mapper.DemoMapper' mapperInterface. Bean already defined with the same name!
22:00:07.374 [main] WARN  org.mybatis.spring.mapper.ClassPathMapperScanner - Skipping MapperFactoryBean with name 'labelMapper' and 'net.begincode.core.mapper.LabelMapper' mapperInterface. Bean already defined with the same name!
22:00:07.374 [main] WARN  org.mybatis.spring.mapper.ClassPathMapperScanner - Skipping MapperFactoryBean with name 'messageMapper' and 'net.begincode.core.mapper.MessageMapper' mapperInterface. Bean already defined with the same name!
22:00:07.374 [main] WARN  org.mybatis.spring.mapper.ClassPathMapperScanner - Skipping MapperFactoryBean with name 'proAttentionMapper' and 'net.begincode.core.mapper.ProAttentionMapper' mapperInterface. Bean already defined with the same name!
22:00:07.374 [main] WARN  org.mybatis.spring.mapper.ClassPathMapperScanner - Skipping MapperFactoryBean with name 'problemLabelMapper' and 'net.begincode.core.mapper.ProblemLabelMapper' mapperInterface. Bean already defined with the same name!
22:00:07.375 [main] WARN  org.mybatis.spring.mapper.ClassPathMapperScanner - Skipping MapperFactoryBean with name 'problemMapper' and 'net.begincode.core.mapper.ProblemMapper' mapperInterface. Bean already defined with the same name!
22:00:07.375 [main] WARN  org.mybatis.spring.mapper.ClassPathMapperScanner - No MyBatis mapper was found in '[net.begincode.core.mapper]' package. Please check your configuration.
22:00:07.985 [main] ERROR com.alibaba.druid.pool.DruidAbstractDataSource - maxIdle is deprecated
22:03:03.018 [main] WARN  org.mybatis.spring.mapper.ClassPathMapperScanner - Skipping MapperFactoryBean with name 'ansAgreeMapper' and 'net.begincode.core.mapper.AnsAgreeMapper' mapperInterface. Bean already defined with the same name!
22:03:03.019 [main] WARN  org.mybatis.spring.mapper.ClassPathMapperScanner - Skipping MapperFactoryBean with name 'answerMapper' and 'net.begincode.core.mapper.AnswerMapper' mapperInterface. Bean already defined with the same name!
22:03:03.019 [main] WARN  org.mybatis.spring.mapper.ClassPathMapperScanner - Skipping MapperFactoryBean with name 'begincodeUserMapper' and 'net.begincode.core.mapper.BegincodeUserMapper' mapperInterface. Bean already defined with the same name!
22:03:03.019 [main] WARN  org.mybatis.spring.mapper.ClassPathMapperScanner - Skipping MapperFactoryBean with name 'bizBegincodeUserMapper' and 'net.begincode.core.mapper.BizBegincodeUserMapper' mapperInterface. Bean already defined with the same name!
22:03:03.019 [main] WARN  org.mybatis.spring.mapper.ClassPathMapperScanner - Skipping MapperFactoryBean with name 'demoMapper' and 'net.begincode.core.mapper.DemoMapper' mapperInterface. Bean already defined with the same name!
22:03:03.019 [main] WARN  org.mybatis.spring.mapper.ClassPathMapperScanner - Skipping MapperFactoryBean with name 'labelMapper' and 'net.begincode.core.mapper.LabelMapper' mapperInterface. Bean already defined with the same name!
22:03:03.020 [main] WARN  org.mybatis.spring.mapper.ClassPathMapperScanner - Skipping MapperFactoryBean with name 'messageMapper' and 'net.begincode.core.mapper.MessageMapper' mapperInterface. Bean already defined with the same name!
22:03:03.020 [main] WARN  org.mybatis.spring.mapper.ClassPathMapperScanner - Skipping MapperFactoryBean with name 'proAttentionMapper' and 'net.begincode.core.mapper.ProAttentionMapper' mapperInterface. Bean already defined with the same name!
22:03:03.020 [main] WARN  org.mybatis.spring.mapper.ClassPathMapperScanner - Skipping MapperFactoryBean with name 'problemLabelMapper' and 'net.begincode.core.mapper.ProblemLabelMapper' mapperInterface. Bean already defined with the same name!
22:03:03.020 [main] WARN  org.mybatis.spring.mapper.ClassPathMapperScanner - Skipping MapperFactoryBean with name 'problemMapper' and 'net.begincode.core.mapper.ProblemMapper' mapperInterface. Bean already defined with the same name!
22:03:03.020 [main] WARN  org.mybatis.spring.mapper.ClassPathMapperScanner - No MyBatis mapper was found in '[net.begincode.core.mapper]' package. Please check your configuration.
22:03:03.676 [main] ERROR com.alibaba.druid.pool.DruidAbstractDataSource - maxIdle is deprecated
22:03:07.941 [main] WARN  com.alibaba.druid.pool.DruidDataSource - not full timeout retry : 1
